2018-06-25 20:17:23 INFO  BaseTestScript:43 - Inside Before Test Method 
2018-06-25 20:17:23 INFO  BaseTestScript:49 - Inside beforeClass Method
2018-06-25 20:17:29 INFO  BaseTestScript:61 - Inside Before Method 
2018-06-25 20:17:35 INFO  BaseTestScript:68 - Inside After Method 
2018-06-25 20:17:35 INFO  CompDBScreenshot:15 - Inside takeScreenshot method
2018-06-25 20:17:35 INFO  BaseTestScript:71 - Captured the screenshot for  Test script : AddNewComputerTest, Method Name : newComputerTest
2018-06-25 20:17:35 INFO  BaseTestScript:81 - Inside afterClass Method
2018-06-25 20:19:40 INFO  BaseTestScript:43 - Inside Before Test Method 
2018-06-25 20:19:40 INFO  BaseTestScript:49 - Inside beforeClass Method
2018-06-25 20:19:46 INFO  BaseTestScript:61 - Inside Before Method 
2018-06-25 20:20:45 INFO  BaseTestScript:68 - Inside After Method 
2018-06-25 20:20:45 INFO  CompDBScreenshot:15 - Inside takeScreenshot method
2018-06-25 20:20:46 INFO  BaseTestScript:71 - Captured the screenshot for  Test script : AddNewComputerTest, Method Name : newComputerTest
2018-06-25 20:20:46 INFO  BaseTestScript:81 - Inside afterClass Method
2018-06-25 20:22:00 INFO  BaseTestScript:43 - Inside Before Test Method 
2018-06-25 20:22:00 INFO  BaseTestScript:49 - Inside beforeClass Method
2018-06-25 20:22:07 INFO  BaseTestScript:61 - Inside Before Method 
2018-06-25 20:22:14 INFO  BaseTestScript:68 - Inside After Method 
2018-06-25 20:22:14 INFO  BaseTestScript:81 - Inside afterClass Method
2018-06-25 20:25:44 INFO  BaseTestScript:43 - Inside Before Test Method 
2018-06-25 20:25:44 INFO  BaseTestScript:49 - Inside beforeClass Method
2018-06-25 20:25:52 INFO  BaseTestScript:43 - Inside Before Test Method 
2018-06-25 20:25:52 INFO  BaseTestScript:49 - Inside beforeClass Method
2018-06-25 20:25:58 INFO  BaseTestScript:61 - Inside Before Method 
2018-06-25 20:27:17 INFO  BaseTestScript:68 - Inside After Method 
2018-06-25 20:27:17 INFO  BaseTestScript:81 - Inside afterClass Method
2018-06-25 20:32:30 INFO  BaseTestScript:43 - Inside Before Test Method 
2018-06-25 20:32:30 INFO  BaseTestScript:49 - Inside beforeClass Method
2018-06-25 20:32:38 INFO  BaseTestScript:61 - Inside Before Method 
2018-06-25 20:32:47 INFO  ComputersPage:35 - Done! Computer 123_Aut_Comp has been created
2018-06-25 20:32:47 INFO  BaseTestScript:68 - Inside After Method 
2018-06-25 20:32:47 INFO  BaseTestScript:81 - Inside afterClass Method
2018-06-25 20:45:23 INFO  BaseTestScript:43 - Inside Before Test Method 
2018-06-25 20:45:23 INFO  BaseTestScript:49 - Inside beforeClass Method
2018-06-25 20:45:29 INFO  BaseTestScript:61 - Inside Before Method 
2018-06-25 20:45:35 INFO  ComputersPage:35 - Done! Computer 123_Aut_Comp has been created
2018-06-25 20:45:35 INFO  BaseTestScript:68 - Inside After Method 
2018-06-25 20:45:35 INFO  BaseTestScript:81 - Inside afterClass Method
2018-06-25 21:13:07 INFO  BaseTestScript:43 - Inside Before Test Method 
2018-06-25 21:13:07 INFO  BaseTestScript:49 - Inside beforeClass Method
2018-06-25 21:13:13 INFO  BaseTestScript:61 - Inside Before Method 
2018-06-25 21:14:15 INFO  ComputersPage:36 - Done! Computer 123_Aut_Comp has been created
2018-06-25 21:14:54 ERROR ComputersPage:57 - 1and594matches successfully after addition
2018-06-25 21:15:01 INFO  BaseTestScript:68 - Inside After Method 
2018-06-25 21:15:01 INFO  CompDBScreenshot:15 - Inside takeScreenshot method
2018-06-25 21:15:02 INFO  BaseTestScript:71 - Captured the screenshot for  Test script : AddNewComputerTest, Method Name : newComputerTest
2018-06-25 21:15:02 INFO  BaseTestScript:81 - Inside afterClass Method
2018-06-25 21:22:21 INFO  BaseTestScript:43 - Inside Before Test Method 
2018-06-25 21:22:21 INFO  BaseTestScript:49 - Inside beforeClass Method
2018-06-25 21:22:27 INFO  BaseTestScript:61 - Inside Before Method 
2018-06-25 21:22:34 INFO  ComputersPage:36 - Done! Computer 123_Aut_Comp has been created
2018-06-25 21:22:37 INFO  ComputersPage:54 - 595and595matches successfully after addition
2018-06-25 21:22:37 INFO  BaseTestScript:68 - Inside After Method 
2018-06-25 21:22:37 INFO  BaseTestScript:81 - Inside afterClass Method
2018-06-26 08:00:29 INFO  BaseTestScript:43 - Inside Before Test Method 
2018-06-26 08:00:29 INFO  BaseTestScript:49 - Inside beforeClass Method
2018-06-26 08:00:35 INFO  BaseTestScript:61 - Inside Before Method 
2018-06-26 08:00:41 INFO  ComputersPage:36 - Done! Computer 123_Aut_Comp has been created
2018-06-26 08:00:44 INFO  ComputersPage:54 - 575and575matches successfully after addition
2018-06-26 08:00:44 INFO  BaseTestScript:68 - Inside After Method 
2018-06-26 08:00:44 INFO  BaseTestScript:81 - Inside afterClass Method
2018-06-26 08:01:47 INFO  BaseTestScript:43 - Inside Before Test Method 
2018-06-26 08:01:47 INFO  BaseTestScript:49 - Inside beforeClass Method
2018-06-26 08:01:52 INFO  BaseTestScript:61 - Inside Before Method 
2018-06-26 08:01:59 INFO  ComputersPage:36 - Done! Computer 123_Aut_Comp has been created
2018-06-26 08:02:02 INFO  ComputersPage:54 - 576and576matches successfully after addition
2018-06-26 08:02:02 INFO  BaseTestScript:68 - Inside After Method 
2018-06-26 08:02:02 INFO  BaseTestScript:81 - Inside afterClass Method
2018-06-26 08:26:25 INFO  BaseTestScript:44 - Inside Before Test Method 
2018-06-26 08:26:25 INFO  BaseTestScript:50 - Inside beforeClass Method
2018-06-26 08:26:30 INFO  BaseTestScript:62 - Inside Before Method 
2018-06-26 08:26:39 INFO  BaseTestScript:69 - Inside After Method 
2018-06-26 08:26:39 INFO  BaseTestScript:82 - Inside afterClass Method
2018-06-26 08:33:41 INFO  BaseTestScript:44 - Inside Before Test Method 
2018-06-26 08:33:41 INFO  BaseTestScript:50 - Inside beforeClass Method
2018-06-26 08:33:46 INFO  BaseTestScript:62 - Inside Before Method 
2018-06-26 08:33:54 INFO  BaseTestScript:69 - Inside After Method 
2018-06-26 08:33:54 INFO  BaseTestScript:82 - Inside afterClass Method
2018-06-26 09:06:15 INFO  BaseTestScript:44 - Inside Before Test Method 
2018-06-26 09:06:15 INFO  BaseTestScript:50 - Inside beforeClass Method
2018-06-26 09:06:21 INFO  BaseTestScript:62 - Inside Before Method 
2018-06-26 09:06:27 INFO  ComputersPage:36 - Done! Computer 660_IBM_PC has been created
2018-06-26 09:06:30 INFO  ComputersPage:54 - 577and577matches successfully after addition
2018-06-26 09:06:31 INFO  BaseTestScript:69 - Inside After Method 
2018-06-26 09:06:31 INFO  BaseTestScript:82 - Inside afterClass Method
2018-06-26 09:24:51 INFO  BaseTestScript:44 - Inside Before Test Method 
2018-06-26 09:24:51 INFO  BaseTestScript:50 - Inside beforeClass Method
2018-06-26 09:24:56 INFO  BaseTestScript:62 - Inside Before Method 
2018-06-26 09:25:03 INFO  ComputersPage:39 - Done! Computer 294_IBM_PC has been created
2018-06-26 09:25:06 INFO  ComputersPage:57 - 578and578matches successfully after addition
2018-06-26 09:25:27 INFO  BaseTestScript:69 - Inside After Method 
2018-06-26 09:25:27 INFO  CompDBScreenshot:15 - Inside takeScreenshot method
2018-06-26 09:25:27 INFO  BaseTestScript:72 - Captured the screenshot for  Test script : DeleteComputerRecordTest, Method Name : deleteComputerTest
2018-06-26 09:25:27 INFO  BaseTestScript:82 - Inside afterClass Method
2018-06-26 09:26:06 INFO  BaseTestScript:44 - Inside Before Test Method 
2018-06-26 09:26:06 INFO  BaseTestScript:50 - Inside beforeClass Method
2018-06-26 09:26:11 INFO  BaseTestScript:62 - Inside Before Method 
2018-06-26 09:26:18 INFO  ComputersPage:39 - Done! Computer 329_IBM_PC has been created
2018-06-26 09:26:21 INFO  ComputersPage:57 - 579and579matches successfully after addition
2018-06-26 09:34:43 INFO  BaseTestScript:44 - Inside Before Test Method 
2018-06-26 09:34:43 INFO  BaseTestScript:50 - Inside beforeClass Method
2018-06-26 09:34:48 INFO  BaseTestScript:62 - Inside Before Method 
2018-06-26 09:34:55 INFO  ComputersPage:39 - Done! Computer 900_IBM_PC has been created
2018-06-26 09:34:58 INFO  ComputersPage:68 - 578and578matches successfully after addition
2018-06-26 09:35:07 INFO  ComputersPage:50 - Done! Computer has been deleted
2018-06-26 09:35:07 INFO  BaseTestScript:69 - Inside After Method 
2018-06-26 09:35:07 INFO  BaseTestScript:82 - Inside afterClass Method
2018-06-26 09:44:48 INFO  BaseTestScript:44 - Inside Before Test Method 
2018-06-26 09:44:48 INFO  BaseTestScript:50 - Inside beforeClass Method
2018-06-26 09:44:54 INFO  BaseTestScript:62 - Inside Before Method 
2018-06-26 09:45:00 INFO  ComputersPage:40 - Done! Computer 873_IBM_PC has been created
2018-06-26 09:45:03 INFO  ComputersPage:69 - 578and578matches successfully after addition
2018-06-26 09:45:10 INFO  ComputersPage:51 - Done! Computer has been deleted
2018-06-26 09:45:11 INFO  BaseTestScript:69 - Inside After Method 
2018-06-26 09:45:11 INFO  BaseTestScript:82 - Inside afterClass Method
2018-06-26 10:08:06 INFO  BaseTestScript:44 - Inside Before Test Method 
2018-06-26 10:08:06 INFO  BaseTestScript:50 - Inside beforeClass Method
2018-06-26 10:08:11 INFO  BaseTestScript:62 - Inside Before Method 
2018-06-26 10:08:18 INFO  ComputersPage:40 - Done! Computer 568_IBM_PC has been created
2018-06-26 10:08:21 INFO  ComputersPage:69 - 578and578matches successfully after addition
2018-06-26 10:08:21 INFO  BaseTestScript:69 - Inside After Method 
2018-06-26 10:08:21 INFO  BaseTestScript:82 - Inside afterClass Method
2018-06-26 10:10:08 INFO  BaseTestScript:44 - Inside Before Test Method 
2018-06-26 10:10:08 INFO  BaseTestScript:50 - Inside beforeClass Method
2018-06-26 10:10:14 INFO  BaseTestScript:62 - Inside Before Method 
2018-06-26 10:10:23 INFO  BaseTestScript:69 - Inside After Method 
2018-06-26 10:10:23 INFO  BaseTestScript:82 - Inside afterClass Method
2018-06-26 10:26:47 INFO  BaseTestScript:44 - Inside Before Test Method 
2018-06-26 10:26:47 INFO  BaseTestScript:50 - Inside beforeClass Method
2018-06-26 10:26:53 INFO  BaseTestScript:62 - Inside Before Method 
2018-06-26 10:26:59 INFO  BaseTestScript:69 - Inside After Method 
2018-06-26 10:26:59 INFO  CompDBScreenshot:15 - Inside takeScreenshot method
2018-06-26 10:27:00 INFO  BaseTestScript:72 - Captured the screenshot for  Test script : IntroduceDateFormatTest, Method Name : introduceDateFormatTest
2018-06-26 10:27:00 INFO  BaseTestScript:82 - Inside afterClass Method
2018-06-26 10:28:53 INFO  BaseTestScript:44 - Inside Before Test Method 
2018-06-26 10:28:53 INFO  BaseTestScript:50 - Inside beforeClass Method
2018-06-26 10:28:58 INFO  BaseTestScript:62 - Inside Before Method 
2018-06-26 10:29:08 INFO  BaseTestScript:69 - Inside After Method 
2018-06-26 10:29:08 INFO  BaseTestScript:82 - Inside afterClass Method
2018-06-26 10:35:23 INFO  BaseTestScript:44 - Inside Before Test Method 
2018-06-26 10:35:23 INFO  BaseTestScript:50 - Inside beforeClass Method
2018-06-26 10:35:29 INFO  BaseTestScript:62 - Inside Before Method 
2018-06-26 10:35:39 INFO  BaseTestScript:69 - Inside After Method 
2018-06-26 10:35:39 INFO  BaseTestScript:82 - Inside afterClass Method
2018-06-26 11:41:45 INFO  BaseTestScript:44 - Inside Before Test Method 
2018-06-26 11:41:45 INFO  BaseTestScript:50 - Inside beforeClass Method
2018-06-26 11:41:51 INFO  BaseTestScript:62 - Inside Before Method 
2018-06-26 11:41:58 INFO  ComputersPage:40 - Done! Computer 445_IBM_PC has been created
2018-06-26 11:42:01 INFO  ComputersPage:69 - 575and575matches successfully after addition
2018-06-26 11:42:03 INFO  BaseTestScript:69 - Inside After Method 
2018-06-26 11:42:03 INFO  CompDBScreenshot:15 - Inside takeScreenshot method
2018-06-26 11:42:03 INFO  BaseTestScript:72 - Captured the screenshot for  Test script : RetrieveComputerRecordData, Method Name : newComputerTest
2018-06-26 11:42:03 INFO  BaseTestScript:82 - Inside afterClass Method
2018-06-26 11:42:26 INFO  BaseTestScript:44 - Inside Before Test Method 
2018-06-26 11:42:26 INFO  BaseTestScript:50 - Inside beforeClass Method
2018-06-26 11:42:32 INFO  BaseTestScript:62 - Inside Before Method 
2018-06-26 11:42:39 INFO  ComputersPage:40 - Done! Computer 856_IBM_PC has been created
2018-06-26 11:42:42 INFO  ComputersPage:69 - 576and576matches successfully after addition
2018-06-26 11:43:04 INFO  BaseTestScript:69 - Inside After Method 
2018-06-26 11:43:04 INFO  CompDBScreenshot:15 - Inside takeScreenshot method
2018-06-26 11:43:41 INFO  BaseTestScript:44 - Inside Before Test Method 
2018-06-26 11:43:41 INFO  BaseTestScript:50 - Inside beforeClass Method
2018-06-26 11:43:47 INFO  BaseTestScript:62 - Inside Before Method 
2018-06-26 11:43:55 INFO  ComputersPage:40 - Done! Computer 954_IBM_PC has been created
2018-06-26 11:43:58 INFO  ComputersPage:69 - 575and575matches successfully after addition
2018-06-26 11:44:01 INFO  BaseTestScript:69 - Inside After Method 
2018-06-26 11:44:01 INFO  BaseTestScript:82 - Inside afterClass Method
2018-06-26 12:02:10 INFO  BaseTestScript:44 - Inside Before Test Method 
2018-06-26 12:02:10 INFO  BaseTestScript:50 - Inside beforeClass Method
2018-06-26 12:02:16 INFO  BaseTestScript:62 - Inside Before Method 
2018-06-26 12:02:23 INFO  ComputersPage:40 - Done! Computer 799_IBM_PC has been created
2018-06-26 12:02:26 INFO  ComputersPage:80 - 575and575matches successfully after addition
2018-06-26 12:02:30 INFO  BaseTestScript:69 - Inside After Method 
2018-06-26 12:02:30 INFO  CompDBScreenshot:15 - Inside takeScreenshot method
2018-06-26 12:02:30 INFO  BaseTestScript:72 - Captured the screenshot for  Test script : UpdateExistingComputerRecord, Method Name : updateComputerTest
2018-06-26 12:02:30 INFO  BaseTestScript:82 - Inside afterClass Method
2018-06-26 12:09:25 INFO  BaseTestScript:44 - Inside Before Test Method 
2018-06-26 12:09:25 INFO  BaseTestScript:50 - Inside beforeClass Method
2018-06-26 12:09:31 INFO  BaseTestScript:62 - Inside Before Method 
2018-06-26 12:09:38 INFO  ComputersPage:40 - Done! Computer 442_IBM_PC has been created
2018-06-26 12:09:41 INFO  ComputersPage:80 - 576and576matches successfully after addition
2018-06-26 12:09:46 INFO  ComputersPage:62 - Done! Computer 442_IBM_PC has been updated
2018-06-26 12:09:53 INFO  BaseTestScript:69 - Inside After Method 
2018-06-26 12:09:53 INFO  BaseTestScript:82 - Inside afterClass Method
2018-06-26 17:19:09 INFO  BaseTestScript:44 - Inside Before Test Method 
2018-06-26 17:19:09 INFO  BaseTestScript:50 - Inside beforeClass Method
2018-06-26 17:19:17 INFO  BaseTestScript:62 - Inside Before Method 
2018-06-26 17:19:23 INFO  ComputersPage:40 - Done! Computer 12_IBM_PC has been created
2018-06-26 17:19:26 INFO  ComputersPage:80 - 578and578matches successfully after addition
2018-06-26 17:19:26 INFO  BaseTestScript:69 - Inside After Method 
2018-06-26 17:19:26 INFO  BaseTestScript:82 - Inside afterClass Method
2018-06-26 17:19:30 INFO  BaseTestScript:50 - Inside beforeClass Method
2018-06-26 17:19:34 INFO  BaseTestScript:62 - Inside Before Method 
2018-06-26 17:19:43 INFO  BaseTestScript:69 - Inside After Method 
2018-06-26 17:19:43 INFO  BaseTestScript:82 - Inside afterClass Method
2018-06-26 17:19:44 INFO  BaseTestScript:50 - Inside beforeClass Method
2018-06-26 17:19:49 INFO  BaseTestScript:62 - Inside Before Method 
2018-06-26 17:19:57 INFO  BaseTestScript:69 - Inside After Method 
2018-06-26 17:19:57 INFO  BaseTestScript:82 - Inside afterClass Method
2018-06-26 17:19:58 INFO  BaseTestScript:50 - Inside beforeClass Method
2018-06-26 17:20:02 INFO  BaseTestScript:62 - Inside Before Method 
2018-06-26 17:20:09 INFO  ComputersPage:40 - Done! Computer 139_IBM_PC has been created
2018-06-26 17:20:12 INFO  ComputersPage:80 - 579and579matches successfully after addition
2018-06-26 17:20:18 INFO  ComputersPage:51 - Done! Computer has been deleted
2018-06-26 17:20:19 INFO  BaseTestScript:69 - Inside After Method 
2018-06-26 17:20:19 INFO  BaseTestScript:82 - Inside afterClass Method
2018-06-26 17:20:20 INFO  BaseTestScript:50 - Inside beforeClass Method
2018-06-26 17:20:26 INFO  BaseTestScript:62 - Inside Before Method 
2018-06-26 17:20:36 INFO  BaseTestScript:69 - Inside After Method 
2018-06-26 17:20:36 INFO  BaseTestScript:82 - Inside afterClass Method
2018-06-26 17:20:37 INFO  BaseTestScript:50 - Inside beforeClass Method
2018-06-26 17:20:42 INFO  BaseTestScript:62 - Inside Before Method 
2018-06-26 17:20:52 INFO  BaseTestScript:69 - Inside After Method 
2018-06-26 17:20:52 INFO  BaseTestScript:82 - Inside afterClass Method
2018-06-26 17:20:53 INFO  BaseTestScript:50 - Inside beforeClass Method
2018-06-26 17:20:57 INFO  BaseTestScript:62 - Inside Before Method 
2018-06-26 17:21:04 INFO  ComputersPage:40 - Done! Computer 597_IBM_PC has been created
2018-06-26 17:21:07 INFO  ComputersPage:80 - 579and579matches successfully after addition
2018-06-26 17:21:10 INFO  BaseTestScript:69 - Inside After Method 
2018-06-26 17:21:10 INFO  BaseTestScript:82 - Inside afterClass Method
2018-06-26 17:21:11 INFO  BaseTestScript:50 - Inside beforeClass Method
2018-06-26 17:21:16 INFO  BaseTestScript:62 - Inside Before Method 
2018-06-26 17:21:22 INFO  ComputersPage:40 - Done! Computer 397_IBM_PC has been created
2018-06-26 17:21:25 INFO  ComputersPage:80 - 579and579matches successfully after addition
2018-06-26 17:21:29 INFO  ComputersPage:62 - Done! Computer 397_IBM_PC has been updated
2018-06-26 17:21:35 INFO  BaseTestScript:69 - Inside After Method 
2018-06-26 17:21:35 INFO  BaseTestScript:82 - Inside afterClass Method
2018-06-26 23:48:38 INFO  BaseTestScript:44 - Inside Before Test Method 
2018-06-26 23:48:38 INFO  BaseTestScript:50 - Inside beforeClass Method
2018-06-26 23:48:44 INFO  BaseTestScript:62 - Inside Before Method 
2018-06-26 23:48:50 INFO  ComputersPage:40 - Done! Computer 895_IBM_PC has been created
2018-06-26 23:48:53 ERROR ComputersPage:83 - 585and586matches successfully after addition
2018-06-26 23:48:53 INFO  BaseTestScript:69 - Inside After Method 
2018-06-26 23:48:53 INFO  CompDBScreenshot:15 - Inside takeScreenshot method
2018-06-26 23:48:53 INFO  BaseTestScript:72 - Captured the screenshot for  Test script : AddNewComputerTest, Method Name : newComputerTest
2018-06-26 23:48:53 INFO  BaseTestScript:82 - Inside afterClass Method
2018-06-26 23:49:25 INFO  BaseTestScript:44 - Inside Before Test Method 
2018-06-26 23:49:25 INFO  BaseTestScript:50 - Inside beforeClass Method
2018-06-26 23:49:30 INFO  BaseTestScript:62 - Inside Before Method 
2018-06-26 23:49:36 INFO  ComputersPage:40 - Done! Computer 752_IBM_PC has been created
2018-06-26 23:49:39 INFO  ComputersPage:80 - 586and586matches successfully after addition
2018-06-26 23:49:40 INFO  BaseTestScript:69 - Inside After Method 
2018-06-26 23:49:40 INFO  BaseTestScript:82 - Inside afterClass Method
2018-06-26 23:54:00 INFO  BaseTestScript:44 - Inside Before Test Method 
2018-06-26 23:54:00 INFO  BaseTestScript:50 - Inside beforeClass Method
2018-06-26 23:54:06 INFO  BaseTestScript:62 - Inside Before Method 
2018-06-26 23:54:13 INFO  BaseTestScript:69 - Inside After Method 
2018-06-26 23:54:13 INFO  CompDBScreenshot:15 - Inside takeScreenshot method
2018-06-26 23:54:17 INFO  BaseTestScript:82 - Inside afterClass Method
2018-06-26 23:55:02 INFO  BaseTestScript:44 - Inside Before Test Method 
2018-06-26 23:55:02 INFO  BaseTestScript:50 - Inside beforeClass Method
2018-06-26 23:55:06 INFO  BaseTestScript:56 - org.openqa.selenium.WebDriverException: unknown error: failed to change window state to maximized, current state is normal
  (Session info: chrome=67.0.3396.62)
  (Driver info: chromedriver=2.38.552522 (437e6fbedfa8762dec75e2c5b3ddb86763dc9dcb),platform=Windows NT 10.0.17134 x86_64) (WARNING: The server did not provide any stacktrace information)
Command duration or timeout: 1.12 seconds
Build info: version: '3.4.0', revision: 'unknown', time: 'unknown'
System info: host: '113398-T470P', ip: '192.168.0.19', os.name: 'Windows 10', os.arch: 'amd64', os.version: '10.0', java.version: '1.8.0_151'
Driver info: org.openqa.selenium.chrome.ChromeDriver
Capabilities [{applicationCacheEnabled=false, rotatable=false, mobileEmulationEnabled=false, networkConnectionEnabled=false, chrome={chromedriverVersion=2.38.552522 (437e6fbedfa8762dec75e2c5b3ddb86763dc9dcb), userDataDir=C:\Users\dchavan\AppData\Local\Temp\scoped_dir9868_14038}, takesHeapSnapshot=true, pageLoadStrategy=normal, databaseEnabled=false, handlesAlerts=true, hasTouchScreen=false, version=67.0.3396.62, platform=XP, browserConnectionEnabled=false, nativeEvents=true, acceptSslCerts=false, acceptInsecureCerts=false, locationContextEnabled=true, webStorageEnabled=true, browserName=chrome, takesScreenshot=true, javascriptEnabled=true, cssSelectorsEnabled=true, setWindowRect=true, unexpectedAlertBehaviour=}]
Session ID: 19f1287f52c291a95f438d97cedb1f67
2018-06-26 23:55:06 INFO  BaseTestScript:62 - Inside Before Method 
2018-06-26 23:55:09 INFO  BaseTestScript:69 - Inside After Method 
2018-06-26 23:55:09 INFO  CompDBScreenshot:15 - Inside takeScreenshot method
2018-06-26 23:55:10 INFO  BaseTestScript:72 - Captured the screenshot for  Test script : AddNewComputerTest, Method Name : newComputerTest
2018-06-26 23:55:10 INFO  BaseTestScript:82 - Inside afterClass Method
2018-06-26 23:55:54 INFO  BaseTestScript:44 - Inside Before Test Method 
2018-06-26 23:55:54 INFO  BaseTestScript:50 - Inside beforeClass Method
2018-06-26 23:55:59 INFO  BaseTestScript:62 - Inside Before Method 
2018-06-26 23:56:16 INFO  ComputersPage:40 - Done! Computer 248_IBM_PC has been created
2018-06-26 23:56:19 INFO  ComputersPage:80 - 587and587matches successfully after addition
2018-06-26 23:56:25 INFO  BaseTestScript:69 - Inside After Method 
2018-06-26 23:56:25 INFO  BaseTestScript:82 - Inside afterClass Method
2018-06-27 00:02:46 INFO  BaseTestScript:44 - Inside Before Test Method 
2018-06-27 00:02:46 INFO  BaseTestScript:50 - Inside beforeClass Method
2018-06-27 00:04:07 INFO  BaseTestScript:44 - Inside Before Test Method 
2018-06-27 00:04:07 INFO  BaseTestScript:50 - Inside beforeClass Method
2018-06-27 00:04:12 INFO  BaseTestScript:62 - Inside Before Method 
2018-06-27 00:04:28 INFO  ComputersPage:40 - Done! Computer 127_IBM_PC has been created
2018-06-27 00:04:31 INFO  ComputersPage:80 - 588and588matches successfully after addition
2018-06-27 00:04:37 INFO  BaseTestScript:69 - Inside After Method 
2018-06-27 00:04:37 INFO  BaseTestScript:82 - Inside afterClass Method
2018-06-27 00:04:38 INFO  BaseTestScript:44 - Inside Before Test Method 
2018-06-27 00:04:38 INFO  BaseTestScript:50 - Inside beforeClass Method
2018-06-27 00:04:43 INFO  BaseTestScript:62 - Inside Before Method 
2018-06-27 00:05:07 INFO  BaseTestScript:69 - Inside After Method 
2018-06-27 00:05:07 INFO  BaseTestScript:82 - Inside afterClass Method
2018-06-27 00:05:08 INFO  BaseTestScript:44 - Inside Before Test Method 
2018-06-27 00:05:08 INFO  BaseTestScript:50 - Inside beforeClass Method
2018-06-27 00:05:12 INFO  BaseTestScript:62 - Inside Before Method 
2018-06-27 00:05:21 INFO  BaseTestScript:69 - Inside After Method 
2018-06-27 00:05:21 INFO  BaseTestScript:82 - Inside afterClass Method
2018-06-27 00:05:22 INFO  BaseTestScript:44 - Inside Before Test Method 
2018-06-27 00:05:22 INFO  BaseTestScript:50 - Inside beforeClass Method
2018-06-27 00:05:26 INFO  BaseTestScript:62 - Inside Before Method 
2018-06-27 00:05:36 INFO  BaseTestScript:69 - Inside After Method 
2018-06-27 00:05:36 INFO  BaseTestScript:82 - Inside afterClass Method
2018-06-27 00:05:37 INFO  BaseTestScript:44 - Inside Before Test Method 
2018-06-27 00:05:37 INFO  BaseTestScript:50 - Inside beforeClass Method
2018-06-27 00:05:42 INFO  BaseTestScript:62 - Inside Before Method 
2018-06-27 00:05:53 INFO  BaseTestScript:69 - Inside After Method 
2018-06-27 00:05:53 INFO  BaseTestScript:82 - Inside afterClass Method
2018-06-27 00:05:54 INFO  BaseTestScript:44 - Inside Before Test Method 
2018-06-27 00:05:54 INFO  BaseTestScript:50 - Inside beforeClass Method
2018-06-27 00:05:58 INFO  BaseTestScript:62 - Inside Before Method 
2018-06-27 00:06:05 INFO  ComputersPage:40 - Done! Computer 816_IBM_PC has been created
2018-06-27 00:06:08 INFO  ComputersPage:80 - 589and589matches successfully after addition
2018-06-27 00:06:12 INFO  BaseTestScript:69 - Inside After Method 
2018-06-27 00:06:12 INFO  BaseTestScript:82 - Inside afterClass Method
2018-06-27 00:06:13 INFO  BaseTestScript:44 - Inside Before Test Method 
2018-06-27 00:06:13 INFO  BaseTestScript:50 - Inside beforeClass Method
2018-06-27 00:06:17 INFO  BaseTestScript:62 - Inside Before Method 
2018-06-27 00:06:24 INFO  ComputersPage:40 - Done! Computer 236_IBM_PC has been created
2018-06-27 00:06:27 INFO  ComputersPage:80 - 589and589matches successfully after addition
2018-06-27 00:06:31 INFO  ComputersPage:62 - Done! Computer 236_IBM_PC has been updated
2018-06-27 00:06:37 INFO  BaseTestScript:69 - Inside After Method 
2018-06-27 00:06:37 INFO  BaseTestScript:82 - Inside afterClass Method
2018-06-27 00:06:38 INFO  BaseTestScript:44 - Inside Before Test Method 
2018-06-27 00:06:38 INFO  BaseTestScript:50 - Inside beforeClass Method
2018-06-27 00:06:43 INFO  BaseTestScript:62 - Inside Before Method 
2018-06-27 00:06:50 INFO  ComputersPage:40 - Done! Computer 335_IBM_PC has been created
2018-06-27 00:06:53 INFO  ComputersPage:80 - 590and590matches successfully after addition
2018-06-27 00:06:59 INFO  ComputersPage:51 - Done! Computer has been deleted
2018-06-27 00:07:01 INFO  BaseTestScript:69 - Inside After Method 
2018-06-27 00:07:01 INFO  BaseTestScript:82 - Inside afterClass Method
2018-06-27 00:15:05 INFO  BaseTestScript:44 - Inside Before Test Method 
2018-06-27 00:15:05 INFO  BaseTestScript:50 - Inside beforeClass Method
2018-06-27 00:15:10 INFO  BaseTestScript:62 - Inside Before Method 
2018-06-27 00:15:16 INFO  ComputersPage:40 - Done! Computer 676_IBM_PC has been created
2018-06-27 00:15:19 INFO  ComputersPage:80 - 590and590matches successfully after addition
2018-06-27 00:15:20 INFO  BaseTestScript:69 - Inside After Method 
2018-06-27 00:15:20 INFO  BaseTestScript:82 - Inside afterClass Method
2018-06-27 00:15:21 INFO  BaseTestScript:50 - Inside beforeClass Method
2018-06-27 00:15:26 INFO  BaseTestScript:62 - Inside Before Method 
2018-06-27 00:15:36 INFO  BaseTestScript:69 - Inside After Method 
2018-06-27 00:15:36 INFO  BaseTestScript:82 - Inside afterClass Method
2018-06-27 00:15:37 INFO  BaseTestScript:50 - Inside beforeClass Method
2018-06-27 00:15:41 INFO  BaseTestScript:62 - Inside Before Method 
2018-06-27 00:15:50 INFO  BaseTestScript:69 - Inside After Method 
2018-06-27 00:15:50 INFO  BaseTestScript:82 - Inside afterClass Method
2018-06-27 00:15:51 INFO  BaseTestScript:50 - Inside beforeClass Method
2018-06-27 00:15:55 INFO  BaseTestScript:62 - Inside Before Method 
2018-06-27 00:16:02 INFO  ComputersPage:40 - Done! Computer 888_IBM_PC has been created
2018-06-27 00:16:05 INFO  ComputersPage:80 - 591and591matches successfully after addition
2018-06-27 00:16:11 INFO  ComputersPage:51 - Done! Computer has been deleted
2018-06-27 00:16:13 INFO  BaseTestScript:69 - Inside After Method 
2018-06-27 00:16:13 INFO  BaseTestScript:82 - Inside afterClass Method
2018-06-27 00:16:14 INFO  BaseTestScript:50 - Inside beforeClass Method
2018-06-27 00:16:18 INFO  BaseTestScript:62 - Inside Before Method 
2018-06-27 00:16:28 INFO  BaseTestScript:69 - Inside After Method 
2018-06-27 00:16:28 INFO  BaseTestScript:82 - Inside afterClass Method
2018-06-27 00:16:29 INFO  BaseTestScript:50 - Inside beforeClass Method
2018-06-27 00:16:37 INFO  BaseTestScript:62 - Inside Before Method 
2018-06-27 00:16:47 INFO  BaseTestScript:69 - Inside After Method 
2018-06-27 00:16:47 INFO  BaseTestScript:82 - Inside afterClass Method
2018-06-27 00:16:48 INFO  BaseTestScript:50 - Inside beforeClass Method
2018-06-27 00:16:53 INFO  BaseTestScript:62 - Inside Before Method 
2018-06-27 00:16:59 INFO  ComputersPage:40 - Done! Computer 153_IBM_PC has been created
2018-06-27 00:17:02 INFO  ComputersPage:80 - 591and591matches successfully after addition
2018-06-27 00:17:07 INFO  BaseTestScript:69 - Inside After Method 
2018-06-27 00:17:07 INFO  BaseTestScript:82 - Inside afterClass Method
2018-06-27 00:17:08 INFO  BaseTestScript:50 - Inside beforeClass Method
2018-06-27 00:17:12 INFO  BaseTestScript:62 - Inside Before Method 
2018-06-27 00:17:18 INFO  ComputersPage:40 - Done! Computer 455_IBM_PC has been created
2018-06-27 00:17:21 INFO  ComputersPage:80 - 591and591matches successfully after addition
2018-06-27 00:17:25 INFO  ComputersPage:62 - Done! Computer 455_IBM_PC has been updated
2018-06-27 00:17:32 INFO  BaseTestScript:69 - Inside After Method 
2018-06-27 00:17:32 INFO  BaseTestScript:82 - Inside afterClass Method
2018-06-27 00:21:45 INFO  BaseTestScript:44 - Inside Before Test Method 
2018-06-27 00:21:45 INFO  BaseTestScript:50 - Inside beforeClass Method
2018-06-27 00:23:34 INFO  BaseTestScript:44 - Inside Before Test Method 
2018-06-27 00:23:34 INFO  BaseTestScript:50 - Inside beforeClass Method
2018-06-27 00:23:40 INFO  BaseTestScript:62 - Inside Before Method 
2018-06-27 00:23:51 INFO  ComputersPage:40 - Done! Computer 205_IBM_PC has been created
2018-06-27 00:23:54 INFO  ComputersPage:80 - 592and592matches successfully after addition
2018-06-27 00:24:00 INFO  BaseTestScript:69 - Inside After Method 
2018-06-27 00:24:00 INFO  BaseTestScript:82 - Inside afterClass Method
2018-06-27 00:24:01 INFO  BaseTestScript:50 - Inside beforeClass Method
2018-06-27 00:24:05 INFO  BaseTestScript:62 - Inside Before Method 
2018-06-27 00:24:30 INFO  BaseTestScript:69 - Inside After Method 
2018-06-27 00:24:30 INFO  BaseTestScript:82 - Inside afterClass Method
2018-06-27 00:24:32 INFO  BaseTestScript:50 - Inside beforeClass Method
2018-06-27 00:24:36 INFO  BaseTestScript:62 - Inside Before Method 
2018-06-27 00:24:44 INFO  BaseTestScript:69 - Inside After Method 
2018-06-27 00:24:44 INFO  BaseTestScript:82 - Inside afterClass Method
2018-06-27 00:24:45 INFO  BaseTestScript:50 - Inside beforeClass Method
2018-06-27 00:24:50 INFO  BaseTestScript:62 - Inside Before Method 
2018-06-27 00:29:48 INFO  BaseTestScript:44 - Inside Before Test Method 
2018-06-27 00:29:48 INFO  BaseTestScript:50 - Inside beforeClass Method
2018-06-27 00:29:53 INFO  BaseTestScript:62 - Inside Before Method 
2018-06-27 00:30:00 INFO  ComputersPage:40 - Done! Computer 70_IBM_PC has been created
2018-06-27 00:30:04 INFO  ComputersPage:80 - 593and593matches successfully after addition
2018-06-27 00:30:04 INFO  BaseTestScript:69 - Inside After Method 
2018-06-27 00:30:04 INFO  BaseTestScript:82 - Inside afterClass Method
2018-06-27 00:30:05 INFO  BaseTestScript:50 - Inside beforeClass Method
2018-06-27 00:30:10 INFO  BaseTestScript:62 - Inside Before Method 
2018-06-27 00:30:20 INFO  BaseTestScript:69 - Inside After Method 
2018-06-27 00:30:20 INFO  BaseTestScript:82 - Inside afterClass Method
2018-06-27 00:30:21 INFO  BaseTestScript:50 - Inside beforeClass Method
2018-06-27 00:30:26 INFO  BaseTestScript:62 - Inside Before Method 
2018-06-27 00:30:34 INFO  BaseTestScript:69 - Inside After Method 
2018-06-27 00:30:34 INFO  BaseTestScript:82 - Inside afterClass Method
2018-06-27 00:30:35 INFO  BaseTestScript:50 - Inside beforeClass Method
2018-06-27 00:30:40 INFO  BaseTestScript:62 - Inside Before Method 
2018-06-27 00:30:47 INFO  ComputersPage:40 - Done! Computer 878_IBM_PC has been created
2018-06-27 00:30:50 INFO  ComputersPage:80 - 594and594matches successfully after addition
2018-06-27 00:30:56 INFO  ComputersPage:51 - Done! Computer has been deleted
2018-06-27 00:30:58 INFO  BaseTestScript:69 - Inside After Method 
2018-06-27 00:30:58 INFO  BaseTestScript:82 - Inside afterClass Method
2018-06-27 00:30:59 INFO  BaseTestScript:50 - Inside beforeClass Method
2018-06-27 00:31:03 INFO  BaseTestScript:62 - Inside Before Method 
2018-06-27 00:31:14 INFO  BaseTestScript:69 - Inside After Method 
2018-06-27 00:31:14 INFO  BaseTestScript:82 - Inside afterClass Method
2018-06-27 00:31:15 INFO  BaseTestScript:50 - Inside beforeClass Method
2018-06-27 00:31:19 INFO  BaseTestScript:62 - Inside Before Method 
2018-06-27 00:31:30 INFO  BaseTestScript:69 - Inside After Method 
2018-06-27 00:31:30 INFO  BaseTestScript:82 - Inside afterClass Method
2018-06-27 00:31:31 INFO  BaseTestScript:50 - Inside beforeClass Method
2018-06-27 00:31:36 INFO  BaseTestScript:62 - Inside Before Method 
2018-06-27 00:31:42 INFO  ComputersPage:40 - Done! Computer 710_ibm_PC has been created
2018-06-27 00:31:45 INFO  ComputersPage:80 - 594and594matches successfully after addition
2018-06-27 00:31:49 INFO  BaseTestScript:69 - Inside After Method 
2018-06-27 00:31:49 INFO  BaseTestScript:82 - Inside afterClass Method
2018-06-27 00:31:50 INFO  BaseTestScript:50 - Inside beforeClass Method
2018-06-27 00:31:54 INFO  BaseTestScript:62 - Inside Before Method 
2018-06-27 00:32:01 INFO  ComputersPage:40 - Done! Computer 918_IBM_PC has been created
2018-06-27 00:32:04 INFO  ComputersPage:80 - 594and594matches successfully after addition
2018-06-27 00:32:08 INFO  BaseTestScript:69 - Inside After Method 
2018-06-27 00:32:08 INFO  BaseTestScript:82 - Inside afterClass Method
2018-06-27 00:32:10 INFO  BaseTestScript:50 - Inside beforeClass Method
2018-06-27 00:32:14 INFO  BaseTestScript:62 - Inside Before Method 
2018-06-27 00:32:21 INFO  ComputersPage:40 - Done! Computer 188_IBM_PC has been created
2018-06-27 00:32:24 INFO  ComputersPage:80 - 594and594matches successfully after addition
2018-06-27 00:32:28 INFO  ComputersPage:62 - Done! Computer 188_IBM_PC has been updated
2018-06-27 00:32:34 INFO  BaseTestScript:69 - Inside After Method 
2018-06-27 00:32:34 INFO  BaseTestScript:82 - Inside afterClass Method
2018-06-27 00:56:32 INFO  BaseTestScript:44 - Inside Before Test Method 
2018-06-27 00:56:32 INFO  BaseTestScript:50 - Inside beforeClass Method
2018-06-27 00:56:37 INFO  BaseTestScript:62 - Inside Before Method 
2018-06-27 00:56:44 INFO  ComputersPage:40 - Done! Computer 720_IBM_PC has been created
2018-06-27 00:56:47 ERROR ComputersPage:83 - 596and595matches successfully after addition
2018-06-27 00:56:47 INFO  BaseTestScript:69 - Inside After Method 
2018-06-27 00:56:47 INFO  CompDBScreenshot:15 - Inside takeScreenshot method
2018-06-27 00:56:48 INFO  BaseTestScript:72 - Captured the screenshot for  Test script : AddNewComputerTest, Method Name : newComputerTest
2018-06-27 00:56:48 INFO  BaseTestScript:82 - Inside afterClass Method
2018-06-27 00:56:49 INFO  BaseTestScript:50 - Inside beforeClass Method
2018-06-27 00:56:53 INFO  BaseTestScript:62 - Inside Before Method 
2018-06-27 00:57:03 INFO  BaseTestScript:69 - Inside After Method 
2018-06-27 00:57:03 INFO  BaseTestScript:82 - Inside afterClass Method
2018-06-27 00:57:04 INFO  BaseTestScript:50 - Inside beforeClass Method
2018-06-27 00:57:08 INFO  BaseTestScript:62 - Inside Before Method 
2018-06-27 01:15:30 INFO  BaseTestScript:44 - Inside Before Test Method 
2018-06-27 01:15:30 INFO  BaseTestScript:50 - Inside beforeClass Method
2018-06-27 01:15:35 INFO  BaseTestScript:62 - Inside Before Method 
2018-06-27 01:15:41 INFO  ComputersPage:40 - Done! Computer 223_IBM_PC has been created
2018-06-27 01:15:44 INFO  ComputersPage:80 - 596and596matches successfully after addition
2018-06-27 01:15:45 INFO  BaseTestScript:69 - Inside After Method 
2018-06-27 01:15:45 INFO  BaseTestScript:82 - Inside afterClass Method
2018-06-27 01:15:46 INFO  BaseTestScript:50 - Inside beforeClass Method
2018-06-27 01:15:51 INFO  BaseTestScript:62 - Inside Before Method 
2018-06-27 01:16:01 INFO  BaseTestScript:69 - Inside After Method 
2018-06-27 01:16:01 INFO  BaseTestScript:82 - Inside afterClass Method
2018-06-27 01:16:02 INFO  BaseTestScript:50 - Inside beforeClass Method
2018-06-27 01:16:07 INFO  BaseTestScript:62 - Inside Before Method 
2018-06-27 01:16:15 INFO  BaseTestScript:69 - Inside After Method 
2018-06-27 01:16:15 INFO  BaseTestScript:82 - Inside afterClass Method
2018-06-27 01:16:16 INFO  BaseTestScript:50 - Inside beforeClass Method
2018-06-27 01:16:20 INFO  BaseTestScript:62 - Inside Before Method 
2018-06-27 01:16:27 INFO  ComputersPage:40 - Done! Computer 446_IBM_PC has been created
2018-06-27 01:16:30 INFO  ComputersPage:80 - 597and597matches successfully after addition
2018-06-27 01:16:37 INFO  ComputersPage:51 - Done! Computer has been deleted
2018-06-27 01:16:38 INFO  BaseTestScript:69 - Inside After Method 
2018-06-27 01:16:38 INFO  BaseTestScript:82 - Inside afterClass Method
2018-06-27 01:16:39 INFO  BaseTestScript:50 - Inside beforeClass Method
2018-06-27 01:16:44 INFO  BaseTestScript:62 - Inside Before Method 
2018-06-27 01:16:51 INFO  BaseTestScript:69 - Inside After Method 
2018-06-27 01:16:51 INFO  CompDBScreenshot:15 - Inside takeScreenshot method
2018-06-27 01:16:51 INFO  BaseTestScript:72 - Captured the screenshot for  Test script : DiscontinuedDateFormatTest, Method Name : discontinueDateFormatTest
2018-06-27 01:16:51 INFO  BaseTestScript:82 - Inside afterClass Method
2018-06-27 01:16:52 INFO  BaseTestScript:50 - Inside beforeClass Method
2018-06-27 01:16:57 INFO  BaseTestScript:62 - Inside Before Method 
2018-06-27 01:17:07 INFO  BaseTestScript:69 - Inside After Method 
2018-06-27 01:17:07 INFO  BaseTestScript:82 - Inside afterClass Method
2018-06-27 01:17:08 INFO  BaseTestScript:50 - Inside beforeClass Method
2018-06-27 01:17:13 INFO  BaseTestScript:62 - Inside Before Method 
2018-06-27 01:17:20 INFO  ComputersPage:40 - Done! Computer 799_ibm_PC has been created
2018-06-27 01:17:23 INFO  ComputersPage:80 - 597and597matches successfully after addition
2018-06-27 01:17:28 INFO  BaseTestScript:69 - Inside After Method 
2018-06-27 01:17:28 INFO  BaseTestScript:82 - Inside afterClass Method
2018-06-27 01:17:29 INFO  BaseTestScript:50 - Inside beforeClass Method
2018-06-27 01:17:33 INFO  BaseTestScript:62 - Inside Before Method 
2018-06-27 01:17:40 INFO  ComputersPage:40 - Done! Computer 377_IBM_PC has been created
2018-06-27 01:17:43 INFO  ComputersPage:80 - 597and597matches successfully after addition
2018-06-27 01:17:47 INFO  BaseTestScript:69 - Inside After Method 
2018-06-27 01:17:47 INFO  BaseTestScript:82 - Inside afterClass Method
2018-06-27 01:17:48 INFO  BaseTestScript:50 - Inside beforeClass Method
2018-06-27 01:17:52 INFO  BaseTestScript:62 - Inside Before Method 
2018-06-27 01:17:59 INFO  ComputersPage:40 - Done! Computer 465_IBM_PC has been created
2018-06-27 01:18:02 INFO  ComputersPage:80 - 597and597matches successfully after addition
2018-06-27 01:18:05 INFO  BaseTestScript:69 - Inside After Method 
2018-06-27 01:18:05 INFO  CompDBScreenshot:15 - Inside takeScreenshot method
2018-06-27 01:18:06 INFO  BaseTestScript:72 - Captured the screenshot for  Test script : UpdateExistingComputerRecordCompany, Method Name : updateComputerTest
2018-06-27 01:18:06 INFO  BaseTestScript:82 - Inside afterClass Method
2018-06-27 01:18:07 INFO  BaseTestScript:50 - Inside beforeClass Method
2018-06-27 01:18:11 INFO  BaseTestScript:62 - Inside Before Method 
2018-06-27 01:18:17 INFO  ComputersPage:40 - Done! Computer 318_IBM_PC has been created
2018-06-27 01:18:20 INFO  ComputersPage:80 - 598and598matches successfully after addition
2018-06-27 01:18:24 ERROR ComputersPage:65 - Done! Computer Apple_PC has been updated
2018-06-27 01:18:24 INFO  BaseTestScript:69 - Inside After Method 
2018-06-27 01:18:24 INFO  CompDBScreenshot:15 - Inside takeScreenshot method
2018-06-27 01:18:25 INFO  BaseTestScript:72 - Captured the screenshot for  Test script : UpdateExistingComputerRecordComputerName, Method Name : updateComputerTest
2018-06-27 01:18:25 INFO  BaseTestScript:82 - Inside afterClass Method
2018-06-27 01:18:26 INFO  BaseTestScript:50 - Inside beforeClass Method
2018-06-27 01:18:34 INFO  BaseTestScript:62 - Inside Before Method 
2018-06-27 01:18:41 INFO  ComputersPage:40 - Done! Computer 83_IBM_PC has been created
2018-06-27 01:18:44 INFO  ComputersPage:80 - 599and599matches successfully after addition
2018-06-27 01:18:47 INFO  ComputersPage:62 - Done! Computer 83_IBM_PC has been updated
2018-06-27 01:18:54 INFO  BaseTestScript:69 - Inside After Method 
2018-06-27 01:18:54 INFO  BaseTestScript:82 - Inside afterClass Method
2018-06-27 01:18:55 INFO  BaseTestScript:50 - Inside beforeClass Method
2018-06-27 01:19:00 INFO  BaseTestScript:62 - Inside Before Method 
2018-06-27 01:19:07 INFO  ComputersPage:40 - Done! Computer 666_IBM_PC has been created
2018-06-27 01:19:10 INFO  ComputersPage:80 - 600and600matches successfully after addition
2018-06-27 01:19:15 INFO  ComputersPage:62 - Done! Computer 666_IBM_PC has been updated
2018-06-27 01:19:21 INFO  BaseTestScript:69 - Inside After Method 
2018-06-27 01:19:21 INFO  BaseTestScript:82 - Inside afterClass Method
2018-06-27 01:20:46 INFO  BaseTestScript:44 - Inside Before Test Method 
2018-06-27 01:20:46 INFO  BaseTestScript:50 - Inside beforeClass Method
2018-06-27 01:20:52 INFO  BaseTestScript:62 - Inside Before Method 
2018-06-27 01:20:58 INFO  ComputersPage:40 - Done! Computer 966_IBM_PC has been created
2018-06-27 01:21:01 INFO  ComputersPage:80 - 601and601matches successfully after addition
2018-06-27 01:21:04 INFO  BaseTestScript:69 - Inside After Method 
2018-06-27 01:21:04 INFO  CompDBScreenshot:15 - Inside takeScreenshot method
2018-06-27 01:21:05 INFO  BaseTestScript:72 - Captured the screenshot for  Test script : UpdateExistingComputerRecordCompany, Method Name : updateComputerTest
2018-06-27 01:21:05 INFO  BaseTestScript:82 - Inside afterClass Method
2018-06-27 01:22:21 INFO  BaseTestScript:44 - Inside Before Test Method 
2018-06-27 01:22:21 INFO  BaseTestScript:50 - Inside beforeClass Method
2018-06-27 01:22:26 INFO  BaseTestScript:62 - Inside Before Method 
2018-06-27 01:22:33 INFO  ComputersPage:40 - Done! Computer 427_IBM_PC has been created
2018-06-27 01:22:36 INFO  ComputersPage:80 - 602and602matches successfully after addition
2018-06-27 01:22:39 INFO  BaseTestScript:69 - Inside After Method 
2018-06-27 01:22:39 INFO  CompDBScreenshot:15 - Inside takeScreenshot method
2018-06-27 01:22:40 INFO  BaseTestScript:72 - Captured the screenshot for  Test script : UpdateExistingComputerRecordCompany, Method Name : updateComputerTest
2018-06-27 01:22:40 INFO  BaseTestScript:82 - Inside afterClass Method
2018-06-27 01:26:15 INFO  BaseTestScript:44 - Inside Before Test Method 
2018-06-27 01:26:15 INFO  BaseTestScript:50 - Inside beforeClass Method
2018-06-27 01:26:20 INFO  BaseTestScript:62 - Inside Before Method 
2018-06-27 01:26:27 INFO  ComputersPage:40 - Done! Computer 54_IBM_PC has been created
2018-06-27 01:26:30 INFO  ComputersPage:80 - 603and603matches successfully after addition
2018-06-27 01:26:31 INFO  BaseTestScript:69 - Inside After Method 
2018-06-27 01:26:31 INFO  BaseTestScript:82 - Inside afterClass Method
2018-06-27 01:26:32 INFO  BaseTestScript:50 - Inside beforeClass Method
2018-06-27 01:26:39 INFO  BaseTestScript:62 - Inside Before Method 
2018-06-27 01:26:49 INFO  BaseTestScript:69 - Inside After Method 
2018-06-27 01:26:49 INFO  BaseTestScript:82 - Inside afterClass Method
2018-06-27 01:26:50 INFO  BaseTestScript:50 - Inside beforeClass Method
2018-06-27 01:26:54 INFO  BaseTestScript:62 - Inside Before Method 
2018-06-27 01:27:03 INFO  BaseTestScript:69 - Inside After Method 
2018-06-27 01:27:03 INFO  BaseTestScript:82 - Inside afterClass Method
2018-06-27 01:27:04 INFO  BaseTestScript:50 - Inside beforeClass Method
2018-06-27 01:27:09 INFO  BaseTestScript:62 - Inside Before Method 
2018-06-27 01:27:15 INFO  ComputersPage:40 - Done! Computer 967_IBM_PC has been created
2018-06-27 01:27:18 INFO  ComputersPage:80 - 604and604matches successfully after addition
2018-06-27 01:27:25 INFO  ComputersPage:51 - Done! Computer has been deleted
2018-06-27 01:27:27 INFO  BaseTestScript:69 - Inside After Method 
2018-06-27 01:27:27 INFO  BaseTestScript:82 - Inside afterClass Method
2018-06-27 01:27:28 INFO  BaseTestScript:50 - Inside beforeClass Method
2018-06-27 01:27:32 INFO  BaseTestScript:62 - Inside Before Method 
2018-06-27 01:27:42 INFO  BaseTestScript:69 - Inside After Method 
2018-06-27 01:27:42 INFO  BaseTestScript:82 - Inside afterClass Method
2018-06-27 01:27:43 INFO  BaseTestScript:50 - Inside beforeClass Method
2018-06-27 01:27:47 INFO  BaseTestScript:62 - Inside Before Method 
2018-06-27 01:27:58 INFO  BaseTestScript:69 - Inside After Method 
2018-06-27 01:27:58 INFO  BaseTestScript:82 - Inside afterClass Method
2018-06-27 01:27:59 INFO  BaseTestScript:50 - Inside beforeClass Method
2018-06-27 01:28:03 INFO  BaseTestScript:62 - Inside Before Method 
2018-06-27 01:28:09 INFO  ComputersPage:40 - Done! Computer 115_ibm_PC has been created
2018-06-27 01:28:12 INFO  ComputersPage:80 - 604and604matches successfully after addition
2018-06-27 01:28:16 INFO  BaseTestScript:69 - Inside After Method 
2018-06-27 01:28:16 INFO  BaseTestScript:82 - Inside afterClass Method
2018-06-27 01:28:17 INFO  BaseTestScript:50 - Inside beforeClass Method
2018-06-27 01:28:21 INFO  BaseTestScript:62 - Inside Before Method 
2018-06-27 01:28:28 INFO  ComputersPage:40 - Done! Computer 209_IBM_PC has been created
2018-06-27 01:28:31 INFO  ComputersPage:80 - 604and604matches successfully after addition
2018-06-27 01:28:34 INFO  BaseTestScript:69 - Inside After Method 
2018-06-27 01:28:34 INFO  BaseTestScript:82 - Inside afterClass Method
2018-06-27 01:28:35 INFO  BaseTestScript:50 - Inside beforeClass Method
2018-06-27 01:28:40 INFO  BaseTestScript:62 - Inside Before Method 
2018-06-27 01:28:46 INFO  ComputersPage:40 - Done! Computer 542_IBM_PC has been created
2018-06-27 01:28:49 INFO  ComputersPage:80 - 604and604matches successfully after addition
2018-06-27 01:28:53 ERROR ComputersPage:65 - Done! Computer Apple_PC has been updated
2018-06-27 01:28:53 INFO  BaseTestScript:69 - Inside After Method 
2018-06-27 01:28:53 INFO  CompDBScreenshot:15 - Inside takeScreenshot method
2018-06-27 01:28:54 INFO  BaseTestScript:72 - Captured the screenshot for  Test script : UpdateExistingComputerRecordComputerName, Method Name : updateComputerTest
2018-06-27 01:28:54 INFO  BaseTestScript:82 - Inside afterClass Method
2018-06-27 01:28:55 INFO  BaseTestScript:50 - Inside beforeClass Method
2018-06-27 01:28:59 INFO  BaseTestScript:62 - Inside Before Method 
2018-06-27 01:29:05 INFO  ComputersPage:40 - Done! Computer 220_IBM_PC has been created
2018-06-27 01:29:08 INFO  ComputersPage:80 - 605and605matches successfully after addition
2018-06-27 01:29:12 INFO  ComputersPage:62 - Done! Computer 220_IBM_PC has been updated
2018-06-27 01:29:18 INFO  BaseTestScript:69 - Inside After Method 
2018-06-27 01:29:18 INFO  BaseTestScript:82 - Inside afterClass Method
2018-06-27 01:29:19 INFO  BaseTestScript:50 - Inside beforeClass Method
2018-06-27 01:29:24 INFO  BaseTestScript:62 - Inside Before Method 
2018-06-27 01:29:31 INFO  ComputersPage:40 - Done! Computer 68_IBM_PC has been created
2018-06-27 01:29:34 ERROR ComputersPage:83 - 605and604matches successfully after addition
2018-06-27 01:29:34 INFO  BaseTestScript:69 - Inside After Method 
2018-06-27 01:29:34 INFO  CompDBScreenshot:15 - Inside takeScreenshot method
2018-06-27 01:29:35 INFO  BaseTestScript:72 - Captured the screenshot for  Test script : UpdateExistingComputerRecordIntroducedDate, Method Name : updateComputerTest
2018-06-27 01:29:35 INFO  BaseTestScript:82 - Inside afterClass Method
2018-06-27 01:32:53 INFO  BaseTestScript:44 - Inside Before Test Method 
2018-06-27 01:32:54 INFO  BaseTestScript:50 - Inside beforeClass Method
2018-06-27 01:32:59 INFO  BaseTestScript:62 - Inside Before Method 
2018-06-27 01:33:06 INFO  ComputersPage:40 - Done! Computer 394_IBM_PC has been created
2018-06-27 01:33:09 INFO  ComputersPage:80 - 605and605matches successfully after addition
2018-06-27 01:33:13 INFO  ComputersPage:62 - Done! Computer 394_IBM_PC has been updated
2018-06-27 01:33:22 INFO  BaseTestScript:69 - Inside After Method 
2018-06-27 01:33:22 INFO  BaseTestScript:82 - Inside afterClass Method
2018-06-27 01:33:36 INFO  BaseTestScript:44 - Inside Before Test Method 
2018-06-27 01:33:36 INFO  BaseTestScript:50 - Inside beforeClass Method
2018-06-27 01:33:41 INFO  BaseTestScript:62 - Inside Before Method 
2018-06-27 01:33:54 INFO  ComputersPage:40 - Done! Computer 885_IBM_PC has been created
2018-06-27 01:33:57 INFO  ComputersPage:80 - 605and605matches successfully after addition
2018-06-27 01:34:00 INFO  ComputersPage:62 - Done! Computer 885_IBM_PC has been updated
2018-06-27 01:34:07 INFO  BaseTestScript:69 - Inside After Method 
2018-06-27 01:34:07 INFO  BaseTestScript:82 - Inside afterClass Method
2018-06-27 01:35:21 INFO  BaseTestScript:44 - Inside Before Test Method 
2018-06-27 01:35:21 INFO  BaseTestScript:50 - Inside beforeClass Method
2018-06-27 01:35:27 INFO  BaseTestScript:62 - Inside Before Method 
2018-06-27 01:35:33 INFO  ComputersPage:40 - Done! Computer 500_IBM_PC has been created
2018-06-27 01:35:36 INFO  ComputersPage:80 - 606and606matches successfully after addition
2018-06-27 01:35:40 ERROR ComputersPage:65 - Done! Computer Apple_PC has been updated
2018-06-27 01:35:40 INFO  BaseTestScript:69 - Inside After Method 
2018-06-27 01:35:40 INFO  CompDBScreenshot:15 - Inside takeScreenshot method
2018-06-27 01:35:40 INFO  BaseTestScript:72 - Captured the screenshot for  Test script : UpdateExistingComputerRecordComputerName, Method Name : updateComputerTest
2018-06-27 01:35:40 INFO  BaseTestScript:82 - Inside afterClass Method
2018-06-27 01:36:37 INFO  BaseTestScript:44 - Inside Before Test Method 
2018-06-27 01:36:37 INFO  BaseTestScript:50 - Inside beforeClass Method
2018-06-27 01:36:43 INFO  BaseTestScript:62 - Inside Before Method 
2018-06-27 01:36:50 INFO  ComputersPage:40 - Done! Computer 764_IBM_PC has been created
2018-06-27 01:36:53 INFO  ComputersPage:80 - 607and607matches successfully after addition
2018-06-27 01:36:57 ERROR ComputersPage:65 - Done! Computer Apple_PC has been updated
2018-06-27 01:36:57 INFO  BaseTestScript:69 - Inside After Method 
2018-06-27 01:36:57 INFO  CompDBScreenshot:15 - Inside takeScreenshot method
2018-06-27 01:36:57 INFO  BaseTestScript:72 - Captured the screenshot for  Test script : UpdateExistingComputerRecordComputerName, Method Name : updateComputerTest
2018-06-27 01:36:57 INFO  BaseTestScript:82 - Inside afterClass Method
2018-06-27 01:38:55 INFO  BaseTestScript:44 - Inside Before Test Method 
2018-06-27 01:38:55 INFO  BaseTestScript:50 - Inside beforeClass Method
2018-06-27 01:39:01 INFO  BaseTestScript:62 - Inside Before Method 
2018-06-27 01:39:07 INFO  ComputersPage:40 - Done! Computer 551_IBM_PC has been created
2018-06-27 01:39:10 INFO  ComputersPage:80 - 608and608matches successfully after addition
2018-06-27 01:39:14 INFO  ComputersPage:62 - Done! Computer Apple_PC has been updated
2018-06-27 01:39:18 INFO  BaseTestScript:69 - Inside After Method 
2018-06-27 01:39:18 INFO  CompDBScreenshot:15 - Inside takeScreenshot method
2018-06-27 01:39:18 INFO  BaseTestScript:72 - Captured the screenshot for  Test script : UpdateExistingComputerRecordComputerName, Method Name : updateComputerTest
2018-06-27 01:39:18 INFO  BaseTestScript:82 - Inside afterClass Method
2018-06-27 01:41:03 INFO  BaseTestScript:44 - Inside Before Test Method 
2018-06-27 01:41:03 INFO  BaseTestScript:50 - Inside beforeClass Method
2018-06-27 01:41:09 INFO  BaseTestScript:62 - Inside Before Method 
2018-06-27 01:41:16 INFO  ComputersPage:40 - Done! Computer 187_IBM_PC has been created
2018-06-27 01:41:19 INFO  ComputersPage:80 - 609and609matches successfully after addition
2018-06-27 01:41:23 INFO  ComputersPage:62 - Done! Computer Apple_PC has been updated
2018-06-27 01:41:32 INFO  BaseTestScript:69 - Inside After Method 
2018-06-27 01:41:32 INFO  CompDBScreenshot:15 - Inside takeScreenshot method
2018-06-27 01:41:33 INFO  BaseTestScript:72 - Captured the screenshot for  Test script : UpdateExistingComputerRecordComputerName, Method Name : updateComputerTest
2018-06-27 01:41:33 INFO  BaseTestScript:82 - Inside afterClass Method
2018-06-27 01:42:39 INFO  BaseTestScript:44 - Inside Before Test Method 
2018-06-27 01:42:39 INFO  BaseTestScript:50 - Inside beforeClass Method
2018-06-27 01:42:44 INFO  BaseTestScript:62 - Inside Before Method 
2018-06-27 01:42:52 INFO  ComputersPage:40 - Done! Computer 541_IBM_PC has been created
2018-06-27 01:42:55 INFO  ComputersPage:80 - 610and610matches successfully after addition
2018-06-27 01:43:05 INFO  ComputersPage:62 - Done! Computer Apple_PC has been updated
2018-06-27 01:43:11 INFO  BaseTestScript:69 - Inside After Method 
2018-06-27 01:43:11 INFO  CompDBScreenshot:15 - Inside takeScreenshot method
2018-06-27 01:43:12 INFO  BaseTestScript:72 - Captured the screenshot for  Test script : UpdateExistingComputerRecordComputerName, Method Name : updateComputerTest
2018-06-27 01:43:12 INFO  BaseTestScript:82 - Inside afterClass Method
2018-06-27 01:43:41 INFO  BaseTestScript:44 - Inside Before Test Method 
2018-06-27 01:43:41 INFO  BaseTestScript:50 - Inside beforeClass Method
2018-06-27 01:43:47 INFO  BaseTestScript:62 - Inside Before Method 
2018-06-27 01:43:54 INFO  ComputersPage:40 - Done! Computer 938_IBM_PC has been created
2018-06-27 01:43:57 INFO  ComputersPage:80 - 611and611matches successfully after addition
2018-06-27 01:44:01 INFO  ComputersPage:62 - Done! Computer Apple_PC has been updated
2018-06-27 01:44:07 INFO  BaseTestScript:69 - Inside After Method 
2018-06-27 01:44:07 INFO  CompDBScreenshot:15 - Inside takeScreenshot method
2018-06-27 01:44:08 INFO  BaseTestScript:72 - Captured the screenshot for  Test script : UpdateExistingComputerRecordComputerName, Method Name : updateComputerTest
2018-06-27 01:44:08 INFO  BaseTestScript:82 - Inside afterClass Method
2018-06-27 01:45:07 INFO  BaseTestScript:44 - Inside Before Test Method 
2018-06-27 01:45:07 INFO  BaseTestScript:50 - Inside beforeClass Method
2018-06-27 01:45:12 INFO  BaseTestScript:62 - Inside Before Method 
2018-06-27 01:45:19 INFO  ComputersPage:40 - Done! Computer 17_IBM_PC has been created
2018-06-27 01:45:22 INFO  ComputersPage:80 - 612and612matches successfully after addition
2018-06-27 01:45:26 INFO  ComputersPage:62 - Done! Computer Apple_PC has been updated
2018-06-27 01:45:32 INFO  BaseTestScript:69 - Inside After Method 
2018-06-27 01:45:32 INFO  CompDBScreenshot:15 - Inside takeScreenshot method
2018-06-27 01:45:33 INFO  BaseTestScript:72 - Captured the screenshot for  Test script : UpdateExistingComputerRecordComputerName, Method Name : updateComputerTest
2018-06-27 01:45:33 INFO  BaseTestScript:82 - Inside afterClass Method
2018-06-27 01:49:46 INFO  BaseTestScript:44 - Inside Before Test Method 
2018-06-27 01:49:46 INFO  BaseTestScript:50 - Inside beforeClass Method
2018-06-27 01:49:51 INFO  BaseTestScript:62 - Inside Before Method 
2018-06-27 01:49:58 INFO  ComputersPage:40 - Done! Computer 259_IBM_PC has been created
2018-06-27 01:50:01 INFO  ComputersPage:80 - 613and613matches successfully after addition
2018-06-27 01:50:04 INFO  ComputersPage:62 - Done! Computer Apple_PC_1 has been updated
2018-06-27 01:50:11 INFO  BaseTestScript:69 - Inside After Method 
2018-06-27 01:50:11 INFO  CompDBScreenshot:15 - Inside takeScreenshot method
2018-06-27 01:50:11 INFO  BaseTestScript:72 - Captured the screenshot for  Test script : UpdateExistingComputerRecordComputerName, Method Name : updateComputerTest
2018-06-27 01:50:11 INFO  BaseTestScript:82 - Inside afterClass Method
2018-06-27 01:52:13 INFO  BaseTestScript:44 - Inside Before Test Method 
2018-06-27 01:52:13 INFO  BaseTestScript:50 - Inside beforeClass Method
2018-06-27 01:52:19 INFO  BaseTestScript:62 - Inside Before Method 
2018-06-27 01:52:25 INFO  ComputersPage:40 - Done! Computer 736_IBM_PC has been created
2018-06-27 01:52:28 INFO  ComputersPage:80 - 614and614matches successfully after addition
2018-06-27 01:52:29 INFO  BaseTestScript:69 - Inside After Method 
2018-06-27 01:52:29 INFO  BaseTestScript:82 - Inside afterClass Method
2018-06-27 01:52:30 INFO  BaseTestScript:50 - Inside beforeClass Method
2018-06-27 01:53:50 INFO  BaseTestScript:44 - Inside Before Test Method 
2018-06-27 01:53:50 INFO  BaseTestScript:50 - Inside beforeClass Method
2018-06-27 01:53:56 INFO  BaseTestScript:62 - Inside Before Method 
2018-06-27 01:54:03 INFO  ComputersPage:40 - Done! Computer 885_IBM_PC has been created
2018-06-27 01:54:06 INFO  ComputersPage:80 - 615and615matches successfully after addition
2018-06-27 01:54:07 INFO  BaseTestScript:69 - Inside After Method 
2018-06-27 01:54:07 INFO  CompDBScreenshot:15 - Inside takeScreenshot method
2018-06-27 01:54:07 INFO  BaseTestScript:72 - Captured the screenshot for  Test script : UpdateExistingComputerRecordComputerName, Method Name : updateComputerTest
2018-06-27 01:54:07 INFO  BaseTestScript:82 - Inside afterClass Method
2018-06-27 01:54:38 INFO  BaseTestScript:44 - Inside Before Test Method 
2018-06-27 01:54:38 INFO  BaseTestScript:50 - Inside beforeClass Method
2018-06-27 01:54:43 INFO  BaseTestScript:62 - Inside Before Method 
2018-06-27 01:54:51 INFO  ComputersPage:40 - Done! Computer 825_IBM_PC has been created
2018-06-27 01:54:54 INFO  ComputersPage:80 - 616and616matches successfully after addition
2018-06-27 01:54:59 INFO  ComputersPage:62 - Done! Computer Apple_PC_1 has been updated
2018-06-27 01:55:05 INFO  BaseTestScript:69 - Inside After Method 
2018-06-27 01:55:05 INFO  CompDBScreenshot:15 - Inside takeScreenshot method
2018-06-27 01:55:05 INFO  BaseTestScript:72 - Captured the screenshot for  Test script : UpdateExistingComputerRecordComputerName, Method Name : updateComputerTest
2018-06-27 01:55:05 INFO  BaseTestScript:82 - Inside afterClass Method
2018-06-27 01:57:09 INFO  BaseTestScript:44 - Inside Before Test Method 
2018-06-27 01:57:09 INFO  BaseTestScript:50 - Inside beforeClass Method
2018-06-27 01:57:15 INFO  BaseTestScript:62 - Inside Before Method 
2018-06-27 01:57:21 INFO  ComputersPage:40 - Done! Computer 832_IBM_PC has been created
2018-06-27 01:57:24 INFO  ComputersPage:80 - 617and617matches successfully after addition
2018-06-27 01:57:28 INFO  ComputersPage:62 - Done! Computer 40_Apple_PC_1 has been updated
2018-06-27 01:57:37 INFO  BaseTestScript:69 - Inside After Method 
2018-06-27 01:57:37 INFO  BaseTestScript:82 - Inside afterClass Method
2018-06-27 01:58:18 INFO  BaseTestScript:44 - Inside Before Test Method 
2018-06-27 01:58:18 INFO  BaseTestScript:50 - Inside beforeClass Method
2018-06-27 01:58:24 INFO  BaseTestScript:62 - Inside Before Method 
2018-06-27 01:58:30 INFO  ComputersPage:40 - Done! Computer 574_IBM_PC has been created
2018-06-27 01:58:33 INFO  ComputersPage:80 - 618and618matches successfully after addition
2018-06-27 01:58:34 INFO  BaseTestScript:69 - Inside After Method 
2018-06-27 01:58:34 INFO  BaseTestScript:82 - Inside afterClass Method
2018-06-27 01:58:35 INFO  BaseTestScript:50 - Inside beforeClass Method
2018-06-27 01:58:41 INFO  BaseTestScript:62 - Inside Before Method 
2018-06-27 01:58:50 INFO  BaseTestScript:69 - Inside After Method 
2018-06-27 01:58:50 INFO  BaseTestScript:82 - Inside afterClass Method
2018-06-27 01:58:52 INFO  BaseTestScript:50 - Inside beforeClass Method
2018-06-27 01:58:56 INFO  BaseTestScript:62 - Inside Before Method 
2018-06-27 01:59:05 INFO  BaseTestScript:69 - Inside After Method 
2018-06-27 01:59:05 INFO  BaseTestScript:82 - Inside afterClass Method
2018-06-27 01:59:06 INFO  BaseTestScript:50 - Inside beforeClass Method
2018-06-27 01:59:10 INFO  BaseTestScript:62 - Inside Before Method 
2018-06-27 01:59:19 INFO  ComputersPage:40 - Done! Computer 571_IBM_PC has been created
2018-06-27 01:59:22 INFO  ComputersPage:80 - 619and619matches successfully after addition
2018-06-27 01:59:29 INFO  ComputersPage:51 - Done! Computer has been deleted
2018-06-27 01:59:31 INFO  BaseTestScript:69 - Inside After Method 
2018-06-27 01:59:31 INFO  BaseTestScript:82 - Inside afterClass Method
2018-06-27 01:59:32 INFO  BaseTestScript:50 - Inside beforeClass Method
2018-06-27 01:59:36 INFO  BaseTestScript:62 - Inside Before Method 
2018-06-27 01:59:46 INFO  BaseTestScript:69 - Inside After Method 
2018-06-27 01:59:46 INFO  BaseTestScript:82 - Inside afterClass Method
2018-06-27 01:59:47 INFO  BaseTestScript:50 - Inside beforeClass Method
2018-06-27 01:59:52 INFO  BaseTestScript:62 - Inside Before Method 
2018-06-27 02:00:03 INFO  BaseTestScript:69 - Inside After Method 
2018-06-27 02:00:03 INFO  BaseTestScript:82 - Inside afterClass Method
2018-06-27 02:00:04 INFO  BaseTestScript:50 - Inside beforeClass Method
2018-06-27 02:00:09 INFO  BaseTestScript:62 - Inside Before Method 
2018-06-27 02:00:15 INFO  ComputersPage:40 - Done! Computer 918_ibm_PC has been created
2018-06-27 02:00:19 INFO  ComputersPage:80 - 619and619matches successfully after addition
2018-06-27 02:00:23 INFO  BaseTestScript:69 - Inside After Method 
2018-06-27 02:00:23 INFO  BaseTestScript:82 - Inside afterClass Method
2018-06-27 02:00:25 INFO  BaseTestScript:50 - Inside beforeClass Method
2018-06-27 02:00:30 INFO  BaseTestScript:62 - Inside Before Method 
2018-06-27 02:00:37 INFO  ComputersPage:40 - Done! Computer 84_IBM_PC has been created
2018-06-27 02:00:40 INFO  ComputersPage:80 - 619and619matches successfully after addition
2018-06-27 02:00:44 INFO  BaseTestScript:69 - Inside After Method 
2018-06-27 02:00:44 INFO  BaseTestScript:82 - Inside afterClass Method
2018-06-27 02:00:45 INFO  BaseTestScript:50 - Inside beforeClass Method
2018-06-27 02:00:49 INFO  BaseTestScript:62 - Inside Before Method 
2018-06-27 02:00:55 INFO  ComputersPage:40 - Done! Computer 237_IBM_PC has been created
2018-06-27 02:00:58 INFO  ComputersPage:80 - 619and619matches successfully after addition
2018-06-27 02:01:03 INFO  ComputersPage:62 - Done! Computer 827_Apple_PC has been updated
2018-06-27 02:01:12 INFO  BaseTestScript:69 - Inside After Method 
2018-06-27 02:01:12 INFO  BaseTestScript:82 - Inside afterClass Method
2018-06-27 02:01:13 INFO  BaseTestScript:50 - Inside beforeClass Method
2018-06-27 02:01:17 INFO  BaseTestScript:62 - Inside Before Method 
2018-06-27 02:01:24 INFO  ComputersPage:40 - Done! Computer 482_IBM_PC has been created
2018-06-27 02:01:27 INFO  ComputersPage:80 - 620and620matches successfully after addition
2018-06-27 02:01:31 INFO  ComputersPage:62 - Done! Computer 482_IBM_PC has been updated
2018-06-27 02:01:38 INFO  BaseTestScript:69 - Inside After Method 
2018-06-27 02:01:38 INFO  BaseTestScript:82 - Inside afterClass Method
2018-06-27 02:01:39 INFO  BaseTestScript:50 - Inside beforeClass Method
2018-06-27 02:01:43 INFO  BaseTestScript:62 - Inside Before Method 
2018-06-27 02:01:50 INFO  ComputersPage:40 - Done! Computer 170_IBM_PC has been created
2018-06-27 02:01:53 INFO  ComputersPage:80 - 621and621matches successfully after addition
2018-06-27 02:01:57 INFO  ComputersPage:62 - Done! Computer 170_IBM_PC has been updated
2018-06-27 02:02:06 INFO  BaseTestScript:69 - Inside After Method 
2018-06-27 02:02:06 INFO  BaseTestScript:82 - Inside afterClass Method
2018-06-27 02:05:24 INFO  BaseTestScript:44 - Inside Before Test Method 
2018-06-27 02:05:25 INFO  BaseTestScript:50 - Inside beforeClass Method
2018-06-27 02:05:30 INFO  BaseTestScript:62 - Inside Before Method 
2018-06-27 02:05:39 INFO  BaseTestScript:69 - Inside After Method 
2018-06-27 02:05:39 INFO  BaseTestScript:82 - Inside afterClass Method
2018-06-27 02:09:08 INFO  BaseTestScript:44 - Inside Before Test Method 
2018-06-27 02:09:08 INFO  BaseTestScript:50 - Inside beforeClass Method
2018-06-27 02:09:13 INFO  BaseTestScript:82 - Inside afterClass Method
2018-06-27 02:11:11 INFO  BaseTestScript:44 - Inside Before Test Method 
2018-06-27 02:11:11 INFO  BaseTestScript:50 - Inside beforeClass Method
2018-06-27 02:11:17 INFO  BaseTestScript:82 - Inside afterClass Method
2018-06-27 02:14:14 INFO  BaseTestScript:44 - Inside Before Test Method 
2018-06-27 02:14:14 INFO  BaseTestScript:50 - Inside beforeClass Method
2018-06-27 02:14:19 INFO  BaseTestScript:62 - Inside Before Method 
2018-06-27 02:14:25 INFO  ComputersPage:40 - Done! Computer 564_IBM_PC has been created
2018-06-27 02:14:28 INFO  ComputersPage:80 - 618and618matches successfully after addition
2018-06-27 02:14:29 INFO  BaseTestScript:69 - Inside After Method 
2018-06-27 02:14:29 INFO  BaseTestScript:82 - Inside afterClass Method
2018-06-27 02:14:30 INFO  BaseTestScript:50 - Inside beforeClass Method
2018-06-27 02:14:34 INFO  BaseTestScript:62 - Inside Before Method 
2018-06-27 02:14:44 INFO  BaseTestScript:69 - Inside After Method 
2018-06-27 02:14:44 INFO  BaseTestScript:82 - Inside afterClass Method
2018-06-27 02:14:45 INFO  BaseTestScript:50 - Inside beforeClass Method
2018-06-27 02:14:52 INFO  BaseTestScript:62 - Inside Before Method 
2018-06-27 02:15:00 INFO  BaseTestScript:69 - Inside After Method 
2018-06-27 02:15:00 INFO  BaseTestScript:82 - Inside afterClass Method
2018-06-27 02:15:01 INFO  BaseTestScript:50 - Inside beforeClass Method
2018-06-27 02:15:05 INFO  BaseTestScript:62 - Inside Before Method 
2018-06-27 02:15:12 INFO  ComputersPage:40 - Done! Computer 506_IBM_PC has been created
2018-06-27 02:15:15 INFO  ComputersPage:80 - 619and619matches successfully after addition
2018-06-27 02:15:22 INFO  ComputersPage:51 - Done! Computer has been deleted
2018-06-27 02:15:23 INFO  BaseTestScript:69 - Inside After Method 
2018-06-27 02:15:23 INFO  BaseTestScript:82 - Inside afterClass Method
2018-06-27 02:15:24 INFO  BaseTestScript:50 - Inside beforeClass Method
2018-06-27 02:15:28 INFO  BaseTestScript:62 - Inside Before Method 
2018-06-27 02:15:39 INFO  BaseTestScript:69 - Inside After Method 
2018-06-27 02:15:39 INFO  BaseTestScript:82 - Inside afterClass Method
2018-06-27 02:15:40 INFO  BaseTestScript:50 - Inside beforeClass Method
2018-06-27 02:15:46 INFO  BaseTestScript:62 - Inside Before Method 
2018-06-27 02:15:56 INFO  BaseTestScript:69 - Inside After Method 
2018-06-27 02:15:56 INFO  BaseTestScript:82 - Inside afterClass Method
2018-06-27 02:15:57 INFO  BaseTestScript:50 - Inside beforeClass Method
2018-06-27 02:16:02 INFO  BaseTestScript:62 - Inside Before Method 
2018-06-27 02:16:09 INFO  ComputersPage:40 - Done! Computer 476_ibm_PC has been created
2018-06-27 02:16:12 INFO  ComputersPage:80 - 619and619matches successfully after addition
2018-06-27 02:16:16 INFO  BaseTestScript:69 - Inside After Method 
2018-06-27 02:16:16 INFO  BaseTestScript:82 - Inside afterClass Method
2018-06-27 02:16:17 INFO  BaseTestScript:50 - Inside beforeClass Method
2018-06-27 02:16:21 INFO  BaseTestScript:62 - Inside Before Method 
2018-06-27 02:16:27 INFO  ComputersPage:40 - Done! Computer 481_IBM_PC has been created
2018-06-27 02:16:30 INFO  ComputersPage:80 - 619and619matches successfully after addition
2018-06-27 02:16:34 INFO  BaseTestScript:69 - Inside After Method 
2018-06-27 02:16:34 INFO  BaseTestScript:82 - Inside afterClass Method
2018-06-27 02:16:35 INFO  BaseTestScript:50 - Inside beforeClass Method
2018-06-27 02:16:39 INFO  BaseTestScript:62 - Inside Before Method 
2018-06-27 02:16:49 INFO  ComputersPage:40 - Done! Computer 255_IBM_PC has been created
2018-06-27 02:16:52 INFO  ComputersPage:80 - 619and619matches successfully after addition
2018-06-27 02:16:56 INFO  ComputersPage:62 - Done! Computer 798_Apple_PC has been updated
2018-06-27 02:17:05 INFO  BaseTestScript:69 - Inside After Method 
2018-06-27 02:17:05 INFO  BaseTestScript:82 - Inside afterClass Method
2018-06-27 02:17:06 INFO  BaseTestScript:50 - Inside beforeClass Method
2018-06-27 02:17:11 INFO  BaseTestScript:62 - Inside Before Method 
2018-06-27 02:17:17 INFO  ComputersPage:40 - Done! Computer 15_IBM_PC has been created
2018-06-27 02:17:21 INFO  ComputersPage:80 - 620and620matches successfully after addition
2018-06-27 02:17:25 INFO  ComputersPage:62 - Done! Computer 15_IBM_PC has been updated
2018-06-27 02:17:32 INFO  BaseTestScript:69 - Inside After Method 
2018-06-27 02:17:32 INFO  BaseTestScript:82 - Inside afterClass Method
2018-06-27 02:17:33 INFO  BaseTestScript:50 - Inside beforeClass Method
2018-06-27 02:17:38 INFO  BaseTestScript:62 - Inside Before Method 
2018-06-27 02:17:44 INFO  ComputersPage:40 - Done! Computer 961_IBM_PC has been created
2018-06-27 02:17:47 INFO  ComputersPage:80 - 621and621matches successfully after addition
2018-06-27 02:17:51 INFO  ComputersPage:62 - Done! Computer 961_IBM_PC has been updated
2018-06-27 02:18:00 INFO  BaseTestScript:69 - Inside After Method 
2018-06-27 02:18:00 INFO  BaseTestScript:82 - Inside afterClass Method
2018-06-27 11:47:50 INFO  BaseTestScript:44 - Inside Before Test Method 
2018-06-27 11:47:50 INFO  BaseTestScript:50 - Inside beforeClass Method
2018-06-27 11:47:55 INFO  BaseTestScript:62 - Inside Before Method 
2018-06-27 11:48:01 INFO  ComputersPage:40 - Done! Computer 80_IBM_PC has been created
2018-06-27 11:48:04 INFO  ComputersPage:80 - 576and576matches successfully after addition
2018-06-27 11:48:05 INFO  BaseTestScript:69 - Inside After Method 
2018-06-27 11:48:05 INFO  BaseTestScript:82 - Inside afterClass Method
2018-06-27 11:48:06 INFO  BaseTestScript:44 - Inside Before Test Method 
2018-06-27 11:48:06 INFO  BaseTestScript:50 - Inside beforeClass Method
2018-06-27 11:48:11 INFO  BaseTestScript:62 - Inside Before Method 
2018-06-27 11:48:30 INFO  BaseTestScript:69 - Inside After Method 
2018-06-27 11:48:30 INFO  BaseTestScript:82 - Inside afterClass Method
2018-06-27 11:48:31 INFO  BaseTestScript:44 - Inside Before Test Method 
2018-06-27 11:48:31 INFO  BaseTestScript:50 - Inside beforeClass Method
2018-06-27 11:48:35 INFO  BaseTestScript:62 - Inside Before Method 
2018-06-27 11:48:44 INFO  BaseTestScript:69 - Inside After Method 
2018-06-27 11:48:44 INFO  BaseTestScript:82 - Inside afterClass Method
2018-06-27 11:48:45 INFO  BaseTestScript:44 - Inside Before Test Method 
2018-06-27 11:48:45 INFO  BaseTestScript:50 - Inside beforeClass Method
2018-06-27 11:48:49 INFO  BaseTestScript:62 - Inside Before Method 
2018-06-27 11:48:59 INFO  BaseTestScript:69 - Inside After Method 
2018-06-27 11:48:59 INFO  BaseTestScript:82 - Inside afterClass Method
2018-06-27 11:49:00 INFO  BaseTestScript:44 - Inside Before Test Method 
2018-06-27 11:49:00 INFO  BaseTestScript:50 - Inside beforeClass Method
2018-06-27 11:49:04 INFO  BaseTestScript:62 - Inside Before Method 
2018-06-27 11:49:14 INFO  BaseTestScript:69 - Inside After Method 
2018-06-27 11:49:14 INFO  BaseTestScript:82 - Inside afterClass Method
2018-06-27 11:49:15 INFO  BaseTestScript:44 - Inside Before Test Method 
2018-06-27 11:49:15 INFO  BaseTestScript:50 - Inside beforeClass Method
2018-06-27 11:49:19 INFO  BaseTestScript:62 - Inside Before Method 
2018-06-27 11:49:26 INFO  ComputersPage:40 - Done! Computer 346_IBM_PC has been created
2018-06-27 11:49:29 INFO  ComputersPage:80 - 577and577matches successfully after addition
2018-06-27 11:49:32 INFO  BaseTestScript:69 - Inside After Method 
2018-06-27 11:49:32 INFO  BaseTestScript:82 - Inside afterClass Method
2018-06-27 11:49:33 INFO  BaseTestScript:44 - Inside Before Test Method 
2018-06-27 11:49:33 INFO  BaseTestScript:50 - Inside beforeClass Method
2018-06-27 11:49:38 INFO  BaseTestScript:62 - Inside Before Method 
2018-06-27 11:49:44 INFO  ComputersPage:40 - Done! Computer 595_ibm_PC has been created
2018-06-27 11:49:47 INFO  ComputersPage:80 - 577and577matches successfully after addition
2018-06-27 11:49:51 INFO  BaseTestScript:69 - Inside After Method 
2018-06-27 11:49:51 INFO  BaseTestScript:82 - Inside afterClass Method
2018-06-27 11:49:52 INFO  BaseTestScript:44 - Inside Before Test Method 
2018-06-27 11:49:52 INFO  BaseTestScript:50 - Inside beforeClass Method
2018-06-27 11:49:56 INFO  BaseTestScript:62 - Inside Before Method 
2018-06-27 11:50:06 INFO  ComputersPage:40 - Done! Computer 105_IBM_PC has been created
2018-06-27 11:50:09 INFO  ComputersPage:80 - 577and577matches successfully after addition
2018-06-27 11:50:12 INFO  ComputersPage:62 - Done! Computer 594_Apple_PC has been updated
2018-06-27 11:50:21 INFO  BaseTestScript:69 - Inside After Method 
2018-06-27 11:50:21 INFO  BaseTestScript:82 - Inside afterClass Method
2018-06-27 11:50:22 INFO  BaseTestScript:44 - Inside Before Test Method 
2018-06-27 11:50:22 INFO  BaseTestScript:50 - Inside beforeClass Method
2018-06-27 11:50:27 INFO  BaseTestScript:62 - Inside Before Method 
2018-06-27 11:50:33 INFO  ComputersPage:40 - Done! Computer 598_IBM_PC has been created
2018-06-27 11:50:36 INFO  ComputersPage:80 - 578and578matches successfully after addition
2018-06-27 11:50:40 INFO  ComputersPage:62 - Done! Computer 598_IBM_PC has been updated
2018-06-27 11:50:46 INFO  BaseTestScript:69 - Inside After Method 
2018-06-27 11:50:46 INFO  BaseTestScript:82 - Inside afterClass Method
2018-06-27 11:50:47 INFO  BaseTestScript:44 - Inside Before Test Method 
2018-06-27 11:50:47 INFO  BaseTestScript:50 - Inside beforeClass Method
2018-06-27 11:50:51 INFO  BaseTestScript:62 - Inside Before Method 
2018-06-27 11:50:54 INFO  BaseTestScript:69 - Inside After Method 
2018-06-27 11:50:54 INFO  CompDBScreenshot:15 - Inside takeScreenshot method
2018-06-27 11:50:55 INFO  BaseTestScript:72 - Captured the screenshot for  Test script : UpdateExistingComputerRecordIntroducedDate, Method Name : updateComputerTest
2018-06-27 11:50:55 INFO  BaseTestScript:82 - Inside afterClass Method
2018-06-27 11:50:56 INFO  BaseTestScript:44 - Inside Before Test Method 
2018-06-27 11:50:56 INFO  BaseTestScript:50 - Inside beforeClass Method
2018-06-27 11:51:01 INFO  BaseTestScript:62 - Inside Before Method 
2018-06-27 11:51:07 INFO  ComputersPage:40 - Done! Computer 775_IBM_PC has been created
2018-06-27 11:51:10 INFO  ComputersPage:80 - 579and579matches successfully after addition
2018-06-27 11:51:18 INFO  ComputersPage:51 - Done! Computer has been deleted
2018-06-27 11:51:19 INFO  BaseTestScript:69 - Inside After Method 
2018-06-27 11:51:19 INFO  BaseTestScript:82 - Inside afterClass Method
2018-06-27 11:52:07 INFO  BaseTestScript:44 - Inside Before Test Method 
2018-06-27 11:52:07 INFO  BaseTestScript:50 - Inside beforeClass Method
2018-06-27 11:52:14 INFO  BaseTestScript:62 - Inside Before Method 
2018-06-27 11:52:21 INFO  ComputersPage:40 - Done! Computer 57_IBM_PC has been created
2018-06-27 11:52:24 INFO  ComputersPage:80 - 579and579matches successfully after addition
2018-06-27 11:52:25 INFO  BaseTestScript:69 - Inside After Method 
2018-06-27 11:52:25 INFO  BaseTestScript:82 - Inside afterClass Method
2018-06-27 11:52:27 INFO  BaseTestScript:50 - Inside beforeClass Method
2018-06-27 11:52:33 INFO  BaseTestScript:62 - Inside Before Method 
2018-06-27 11:52:43 INFO  BaseTestScript:69 - Inside After Method 
2018-06-27 11:52:43 INFO  BaseTestScript:82 - Inside afterClass Method
2018-06-27 11:52:44 INFO  BaseTestScript:50 - Inside beforeClass Method
2018-06-27 11:52:50 INFO  BaseTestScript:62 - Inside Before Method 
2018-06-27 11:52:59 INFO  BaseTestScript:69 - Inside After Method 
2018-06-27 11:52:59 INFO  BaseTestScript:82 - Inside afterClass Method
2018-06-27 11:53:00 INFO  BaseTestScript:50 - Inside beforeClass Method
2018-06-27 11:53:05 INFO  BaseTestScript:62 - Inside Before Method 
2018-06-27 11:53:12 INFO  ComputersPage:40 - Done! Computer 810_IBM_PC has been created
2018-06-27 11:53:15 INFO  ComputersPage:80 - 580and580matches successfully after addition
2018-06-27 11:53:22 INFO  ComputersPage:51 - Done! Computer has been deleted
2018-06-27 11:53:24 INFO  BaseTestScript:69 - Inside After Method 
2018-06-27 11:53:24 INFO  BaseTestScript:82 - Inside afterClass Method
2018-06-27 11:53:25 INFO  BaseTestScript:50 - Inside beforeClass Method
2018-06-27 11:53:31 INFO  BaseTestScript:62 - Inside Before Method 
2018-06-27 11:53:42 INFO  BaseTestScript:69 - Inside After Method 
2018-06-27 11:53:42 INFO  BaseTestScript:82 - Inside afterClass Method
2018-06-27 11:53:43 INFO  BaseTestScript:50 - Inside beforeClass Method
2018-06-27 11:53:48 INFO  BaseTestScript:62 - Inside Before Method 
2018-06-27 11:53:58 INFO  BaseTestScript:69 - Inside After Method 
2018-06-27 11:53:58 INFO  BaseTestScript:82 - Inside afterClass Method
2018-06-27 11:53:59 INFO  BaseTestScript:50 - Inside beforeClass Method
2018-06-27 11:54:04 INFO  BaseTestScript:62 - Inside Before Method 
2018-06-27 11:54:11 INFO  ComputersPage:40 - Done! Computer 610_ibm_PC has been created
2018-06-27 11:54:14 INFO  ComputersPage:80 - 580and580matches successfully after addition
2018-06-27 11:54:18 INFO  BaseTestScript:69 - Inside After Method 
2018-06-27 11:54:18 INFO  BaseTestScript:82 - Inside afterClass Method
2018-06-27 11:54:19 INFO  BaseTestScript:50 - Inside beforeClass Method
2018-06-27 11:54:24 INFO  BaseTestScript:62 - Inside Before Method 
2018-06-27 11:54:31 INFO  ComputersPage:40 - Done! Computer 51_IBM_PC has been created
2018-06-27 11:54:34 INFO  ComputersPage:80 - 580and580matches successfully after addition
2018-06-27 11:54:39 INFO  BaseTestScript:69 - Inside After Method 
2018-06-27 11:54:39 INFO  BaseTestScript:82 - Inside afterClass Method
2018-06-27 11:54:40 INFO  BaseTestScript:50 - Inside beforeClass Method
2018-06-27 11:54:45 INFO  BaseTestScript:62 - Inside Before Method 
2018-06-27 11:54:54 INFO  ComputersPage:40 - Done! Computer 261_IBM_PC has been created
2018-06-27 11:54:57 INFO  ComputersPage:80 - 580and580matches successfully after addition
2018-06-27 11:55:01 INFO  ComputersPage:62 - Done! Computer 136_Apple_PC has been updated
2018-06-27 11:55:11 INFO  BaseTestScript:69 - Inside After Method 
2018-06-27 11:55:11 INFO  BaseTestScript:82 - Inside afterClass Method
2018-06-27 11:55:12 INFO  BaseTestScript:50 - Inside beforeClass Method
2018-06-27 11:55:17 INFO  BaseTestScript:62 - Inside Before Method 
2018-06-27 11:55:24 INFO  ComputersPage:40 - Done! Computer 506_IBM_PC has been created
2018-06-27 11:55:27 INFO  ComputersPage:80 - 581and581matches successfully after addition
2018-06-27 11:55:31 INFO  ComputersPage:62 - Done! Computer 506_IBM_PC has been updated
2018-06-27 11:55:37 INFO  BaseTestScript:69 - Inside After Method 
2018-06-27 11:55:37 INFO  BaseTestScript:82 - Inside afterClass Method
2018-06-27 11:55:38 INFO  BaseTestScript:50 - Inside beforeClass Method
2018-06-27 11:55:43 INFO  BaseTestScript:62 - Inside Before Method 
2018-06-27 11:55:50 INFO  ComputersPage:40 - Done! Computer 269_IBM_PC has been created
2018-06-27 11:55:53 INFO  ComputersPage:80 - 582and582matches successfully after addition
2018-06-27 11:55:58 INFO  ComputersPage:62 - Done! Computer 269_IBM_PC has been updated
2018-06-27 11:56:07 INFO  BaseTestScript:69 - Inside After Method 
2018-06-27 11:56:07 INFO  BaseTestScript:82 - Inside afterClass Method
2018-06-27 12:24:26 INFO  BaseTestScript:44 - Inside Before Test Method 
2018-06-27 12:24:26 INFO  BaseTestScript:50 - Inside beforeClass Method
2018-06-27 12:24:33 INFO  BaseTestScript:62 - Inside Before Method 
2018-06-27 12:24:40 INFO  ComputersPage:40 - Done! Computer 34_IBM_PC has been created
2018-06-27 12:24:43 INFO  ComputersPage:80 - 583and583matches successfully after addition
2018-06-27 12:24:44 INFO  BaseTestScript:69 - Inside After Method 
2018-06-27 12:24:44 INFO  BaseTestScript:82 - Inside afterClass Method
2018-06-27 12:24:45 INFO  BaseTestScript:44 - Inside Before Test Method 
2018-06-27 12:24:45 INFO  BaseTestScript:50 - Inside beforeClass Method
2018-06-27 12:24:50 INFO  BaseTestScript:62 - Inside Before Method 
2018-06-27 12:25:00 INFO  BaseTestScript:69 - Inside After Method 
2018-06-27 12:25:00 INFO  BaseTestScript:82 - Inside afterClass Method
2018-06-27 12:25:01 INFO  BaseTestScript:44 - Inside Before Test Method 
2018-06-27 12:25:01 INFO  BaseTestScript:50 - Inside beforeClass Method
2018-06-27 12:25:06 INFO  BaseTestScript:62 - Inside Before Method 
2018-06-27 12:25:15 INFO  BaseTestScript:69 - Inside After Method 
2018-06-27 12:25:15 INFO  BaseTestScript:82 - Inside afterClass Method
2018-06-27 12:25:16 INFO  BaseTestScript:44 - Inside Before Test Method 
2018-06-27 12:25:16 INFO  BaseTestScript:50 - Inside beforeClass Method
2018-06-27 12:25:21 INFO  BaseTestScript:62 - Inside Before Method 
2018-06-27 12:25:32 INFO  BaseTestScript:69 - Inside After Method 
2018-06-27 12:25:32 INFO  BaseTestScript:82 - Inside afterClass Method
2018-06-27 12:25:33 INFO  BaseTestScript:44 - Inside Before Test Method 
2018-06-27 12:25:33 INFO  BaseTestScript:50 - Inside beforeClass Method
2018-06-27 12:25:38 INFO  BaseTestScript:62 - Inside Before Method 
2018-06-27 12:25:48 INFO  BaseTestScript:69 - Inside After Method 
2018-06-27 12:25:48 INFO  BaseTestScript:82 - Inside afterClass Method
2018-06-27 12:25:49 INFO  BaseTestScript:44 - Inside Before Test Method 
2018-06-27 12:25:49 INFO  BaseTestScript:50 - Inside beforeClass Method
2018-06-27 12:25:54 INFO  BaseTestScript:62 - Inside Before Method 
2018-06-27 12:26:01 INFO  ComputersPage:40 - Done! Computer 136_IBM_PC has been created
2018-06-27 12:26:04 INFO  ComputersPage:80 - 584and584matches successfully after addition
2018-06-27 12:26:08 INFO  BaseTestScript:69 - Inside After Method 
2018-06-27 12:26:08 INFO  BaseTestScript:82 - Inside afterClass Method
2018-06-27 12:26:09 INFO  BaseTestScript:44 - Inside Before Test Method 
2018-06-27 12:26:09 INFO  BaseTestScript:50 - Inside beforeClass Method
2018-06-27 12:26:14 INFO  BaseTestScript:62 - Inside Before Method 
2018-06-27 12:26:20 INFO  ComputersPage:40 - Done! Computer 622_ibm_PC has been created
2018-06-27 12:26:23 INFO  ComputersPage:80 - 584and584matches successfully after addition
2018-06-27 12:26:27 INFO  BaseTestScript:69 - Inside After Method 
2018-06-27 12:26:27 INFO  BaseTestScript:82 - Inside afterClass Method
2018-06-27 12:26:28 INFO  BaseTestScript:44 - Inside Before Test Method 
2018-06-27 12:26:28 INFO  BaseTestScript:50 - Inside beforeClass Method
2018-06-27 12:26:33 INFO  BaseTestScript:62 - Inside Before Method 
2018-06-27 12:26:43 INFO  ComputersPage:40 - Done! Computer 379_IBM_PC has been created
2018-06-27 12:26:46 INFO  ComputersPage:80 - 584and584matches successfully after addition
2018-06-27 12:26:50 INFO  ComputersPage:62 - Done! Computer 493_Apple_PC has been updated
2018-06-27 12:27:00 INFO  BaseTestScript:69 - Inside After Method 
2018-06-27 12:27:00 INFO  BaseTestScript:82 - Inside afterClass Method
2018-06-27 12:27:01 INFO  BaseTestScript:44 - Inside Before Test Method 
2018-06-27 12:27:01 INFO  BaseTestScript:50 - Inside beforeClass Method
2018-06-27 12:27:06 INFO  BaseTestScript:62 - Inside Before Method 
2018-06-27 12:27:12 INFO  ComputersPage:40 - Done! Computer 280_IBM_PC has been created
2018-06-27 12:27:15 INFO  ComputersPage:80 - 585and585matches successfully after addition
2018-06-27 12:27:20 INFO  ComputersPage:62 - Done! Computer 280_IBM_PC has been updated
2018-06-27 12:27:26 INFO  BaseTestScript:69 - Inside After Method 
2018-06-27 12:27:26 INFO  BaseTestScript:82 - Inside afterClass Method
2018-06-27 12:27:27 INFO  BaseTestScript:44 - Inside Before Test Method 
2018-06-27 12:27:27 INFO  BaseTestScript:50 - Inside beforeClass Method
2018-06-27 12:27:32 INFO  BaseTestScript:62 - Inside Before Method 
2018-06-27 12:27:38 INFO  ComputersPage:40 - Done! Computer 604_IBM_PC has been created
2018-06-27 12:27:42 INFO  ComputersPage:80 - 586and586matches successfully after addition
2018-06-27 12:27:45 INFO  ComputersPage:62 - Done! Computer 604_IBM_PC has been updated
2018-06-27 12:27:55 INFO  BaseTestScript:69 - Inside After Method 
2018-06-27 12:27:55 INFO  BaseTestScript:82 - Inside afterClass Method
2018-06-27 12:27:56 INFO  BaseTestScript:44 - Inside Before Test Method 
2018-06-27 12:27:56 INFO  BaseTestScript:50 - Inside beforeClass Method
2018-06-27 12:28:01 INFO  BaseTestScript:62 - Inside Before Method 
2018-06-27 12:28:07 INFO  ComputersPage:40 - Done! Computer 600_IBM_PC has been created
2018-06-27 12:28:10 INFO  ComputersPage:80 - 587and587matches successfully after addition
2018-06-27 12:28:17 INFO  ComputersPage:51 - Done! Computer has been deleted
2018-06-27 12:28:19 INFO  BaseTestScript:69 - Inside After Method 
2018-06-27 12:28:19 INFO  BaseTestScript:82 - Inside afterClass Method
2018-06-27 12:29:32 INFO  BaseTestScript:44 - Inside Before Test Method 
2018-06-27 12:29:32 INFO  BaseTestScript:50 - Inside beforeClass Method
2018-06-27 12:29:38 INFO  BaseTestScript:62 - Inside Before Method 
2018-06-27 12:29:45 INFO  ComputersPage:40 - Done! Computer 597_IBM_PC has been created
2018-06-27 12:29:48 INFO  ComputersPage:80 - 587and587matches successfully after addition
2018-06-27 12:29:48 INFO  BaseTestScript:69 - Inside After Method 
2018-06-27 12:29:48 INFO  BaseTestScript:82 - Inside afterClass Method
2018-06-27 12:29:49 INFO  BaseTestScript:50 - Inside beforeClass Method
2018-06-27 12:29:55 INFO  BaseTestScript:62 - Inside Before Method 
2018-06-27 12:30:05 INFO  BaseTestScript:69 - Inside After Method 
2018-06-27 12:30:05 INFO  BaseTestScript:82 - Inside afterClass Method
2018-06-27 12:30:06 INFO  BaseTestScript:50 - Inside beforeClass Method
2018-06-27 12:30:11 INFO  BaseTestScript:62 - Inside Before Method 
2018-06-27 12:30:20 INFO  BaseTestScript:69 - Inside After Method 
2018-06-27 12:30:20 INFO  BaseTestScript:82 - Inside afterClass Method
2018-06-27 12:30:21 INFO  BaseTestScript:50 - Inside beforeClass Method
2018-06-27 12:30:26 INFO  BaseTestScript:62 - Inside Before Method 
2018-06-27 12:30:32 INFO  ComputersPage:40 - Done! Computer 250_IBM_PC has been created
2018-06-27 12:30:35 INFO  ComputersPage:80 - 588and588matches successfully after addition
2018-06-27 12:30:43 INFO  ComputersPage:51 - Done! Computer has been deleted
2018-06-27 12:30:44 INFO  BaseTestScript:69 - Inside After Method 
2018-06-27 12:30:44 INFO  BaseTestScript:82 - Inside afterClass Method
2018-06-27 12:30:45 INFO  BaseTestScript:50 - Inside beforeClass Method
2018-06-27 12:30:50 INFO  BaseTestScript:62 - Inside Before Method 
2018-06-27 12:31:01 INFO  BaseTestScript:69 - Inside After Method 
2018-06-27 12:31:01 INFO  BaseTestScript:82 - Inside afterClass Method
2018-06-27 12:31:02 INFO  BaseTestScript:50 - Inside beforeClass Method
2018-06-27 12:31:07 INFO  BaseTestScript:62 - Inside Before Method 
2018-06-27 12:31:17 INFO  BaseTestScript:69 - Inside After Method 
2018-06-27 12:31:17 INFO  BaseTestScript:82 - Inside afterClass Method
2018-06-27 12:31:18 INFO  BaseTestScript:50 - Inside beforeClass Method
2018-06-27 12:31:23 INFO  BaseTestScript:62 - Inside Before Method 
2018-06-27 12:31:30 INFO  ComputersPage:40 - Done! Computer 346_ibm_PC has been created
2018-06-27 12:31:33 INFO  ComputersPage:80 - 588and588matches successfully after addition
2018-06-27 12:31:37 INFO  BaseTestScript:69 - Inside After Method 
2018-06-27 12:31:37 INFO  BaseTestScript:82 - Inside afterClass Method
2018-06-27 12:31:38 INFO  BaseTestScript:50 - Inside beforeClass Method
2018-06-27 12:31:43 INFO  BaseTestScript:62 - Inside Before Method 
2018-06-27 12:31:50 INFO  ComputersPage:40 - Done! Computer 33_IBM_PC has been created
2018-06-27 12:31:53 INFO  ComputersPage:80 - 588and588matches successfully after addition
2018-06-27 12:31:57 INFO  BaseTestScript:69 - Inside After Method 
2018-06-27 12:31:57 INFO  BaseTestScript:82 - Inside afterClass Method
2018-06-27 12:31:58 INFO  BaseTestScript:50 - Inside beforeClass Method
2018-06-27 12:32:03 INFO  BaseTestScript:62 - Inside Before Method 
2018-06-27 12:32:12 INFO  ComputersPage:40 - Done! Computer 626_IBM_PC has been created
2018-06-27 12:32:15 INFO  ComputersPage:80 - 588and588matches successfully after addition
2018-06-27 12:32:20 INFO  ComputersPage:62 - Done! Computer 591_Apple_PC has been updated
2018-06-27 12:32:29 INFO  BaseTestScript:69 - Inside After Method 
2018-06-27 12:32:29 INFO  BaseTestScript:82 - Inside afterClass Method
2018-06-27 12:32:30 INFO  BaseTestScript:50 - Inside beforeClass Method
2018-06-27 12:32:35 INFO  BaseTestScript:62 - Inside Before Method 
2018-06-27 12:32:42 INFO  ComputersPage:40 - Done! Computer 262_IBM_PC has been created
2018-06-27 12:32:45 INFO  ComputersPage:80 - 589and589matches successfully after addition
2018-06-27 12:32:49 INFO  ComputersPage:62 - Done! Computer 262_IBM_PC has been updated
2018-06-27 12:32:55 INFO  BaseTestScript:69 - Inside After Method 
2018-06-27 12:32:55 INFO  BaseTestScript:82 - Inside afterClass Method
2018-06-27 12:32:56 INFO  BaseTestScript:50 - Inside beforeClass Method
2018-06-27 12:33:01 INFO  BaseTestScript:62 - Inside Before Method 
2018-06-27 12:33:08 INFO  ComputersPage:40 - Done! Computer 264_IBM_PC has been created
2018-06-27 12:33:11 INFO  ComputersPage:80 - 590and590matches successfully after addition
2018-06-27 12:33:15 INFO  ComputersPage:62 - Done! Computer 264_IBM_PC has been updated
2018-06-27 12:33:24 INFO  BaseTestScript:69 - Inside After Method 
2018-06-27 12:33:24 INFO  BaseTestScript:82 - Inside afterClass Method
2019-09-15 08:57:44 INFO  BaseTestScript:44 - Inside Before Test Method 
2019-09-15 08:57:44 INFO  BaseTestScript:50 - Inside beforeClass Method
2019-09-15 08:57:50 INFO  BaseTestScript:62 - Inside Before Method 
2019-09-15 08:57:57 INFO  ComputersPage:40 - Done! Computer 160_IBM_PC has been created
2019-09-15 08:58:00 INFO  ComputersPage:80 - 575and575matches successfully after addition
2019-09-15 08:58:01 INFO  BaseTestScript:69 - Inside After Method 
2019-09-15 08:58:01 INFO  BaseTestScript:82 - Inside afterClass Method
